<?xml version="1.0" encoding="UTF-8"?>
<testsuite xmlns:xsi="http://www.w3.org/2001/XMLSchema-instance" xsi:noNamespaceSchemaLocation="https://maven.apache.org/surefire/maven-surefire-plugin/xsd/surefire-test-report-3.0.xsd" version="3.0" name="logic.AccountLogicTest" time="7.04" tests="16" errors="0" skipped="0" failures="0">
  <properties>
[...]
</properties>
  <testcase name="testCreateEntity" classname="logic.AccountLogicTest" time="0.254">
    <system-out><![CDATA[2021-04-16T14:14:57,777|[DEBUG] ServletListener - Initializing EMF
2021-04-16T14:14:57,786|[DEBUG] EMFactory - initializeing EntityManagerFactory
2021-04-16T14:14:57,786|[DEBUG] EMFactory - creating EntityManagerFactory
2021-04-16T14:14:57,814|[DEBUG] logging - Logging Provider: org.jboss.logging.Log4j2LoggerProvider
2021-04-16T14:14:58,061|[INFO ] LogHelper - HHH000204: Processing PersistenceUnitInfo [name: simplebloodbank-PU-test]
2021-04-16T14:14:58,110|[INFO ] Version - HHH000412: Hibernate ORM core version 5.4.27.Final
2021-04-16T14:14:58,273|[INFO ] Version - HCANN000001: Hibernate Commons Annotations {5.1.2.Final}
2021-04-16T14:14:58,302|[DEBUG] BasicTypeRegistry - Adding type registration boolean -> org.hibernate.type.BooleanType@7773d139
2021-04-16T14:14:58,302|[DEBUG] BasicTypeRegistry - Adding type registration boolean -> org.hibernate.type.BooleanType@7773d139
2021-04-16T14:14:58,302|[DEBUG] BasicTypeRegistry - Adding type registration java.lang.Boolean -> org.hibernate.type.BooleanType@7773d139
2021-04-16T14:14:58,303|[DEBUG] BasicTypeRegistry - Adding type registration numeric_boolean -> org.hibernate.type.NumericBooleanType@3330bdd1
2021-04-16T14:14:58,303|[DEBUG] BasicTypeRegistry - Adding type registration true_false -> org.hibernate.type.TrueFalseType@29e3c7fe
2021-04-16T14:14:58,304|[DEBUG] BasicTypeRegistry - Adding type registration yes_no -> org.hibernate.type.YesNoType@12d644a6
2021-04-16T14:14:58,305|[DEBUG] BasicTypeRegistry - Adding type registration byte -> org.hibernate.type.ByteType@7babfd29
2021-04-16T14:14:58,305|[DEBUG] BasicTypeRegistry - Adding type registration byte -> org.hibernate.type.ByteType@7babfd29
2021-04-16T14:14:58,305|[DEBUG] BasicTypeRegistry - Adding type registration java.lang.Byte -> org.hibernate.type.ByteType@7babfd29
2021-04-16T14:14:58,306|[DEBUG] BasicTypeRegistry - Adding type registration character -> org.hibernate.type.CharacterType@4f4d7c0e
2021-04-16T14:14:58,306|[DEBUG] BasicTypeRegistry - Adding type registration char -> org.hibernate.type.CharacterType@4f4d7c0e
2021-04-16T14:14:58,306|[DEBUG] BasicTypeRegistry - Adding type registration java.lang.Character -> org.hibernate.type.CharacterType@4f4d7c0e
2021-04-16T14:14:58,307|[DEBUG] BasicTypeRegistry - Adding type registration short -> org.hibernate.type.ShortType@5b0d8236
2021-04-16T14:14:58,307|[DEBUG] BasicTypeRegistry - Adding type registration short -> org.hibernate.type.ShortType@5b0d8236
2021-04-16T14:14:58,307|[DEBUG] BasicTypeRegistry - Adding type registration java.lang.Short -> org.hibernate.type.ShortType@5b0d8236
2021-04-16T14:14:58,308|[DEBUG] BasicTypeRegistry - Adding type registration integer -> org.hibernate.type.IntegerType@5095f89a
2021-04-16T14:14:58,308|[DEBUG] BasicTypeRegistry - Adding type registration int -> org.hibernate.type.IntegerType@5095f89a
2021-04-16T14:14:58,308|[DEBUG] BasicTypeRegistry - Adding type registration java.lang.Integer -> org.hibernate.type.IntegerType@5095f89a
2021-04-16T14:14:58,309|[DEBUG] BasicTypeRegistry - Adding type registration long -> org.hibernate.type.LongType@1a958d2a
2021-04-16T14:14:58,309|[DEBUG] BasicTypeRegistry - Adding type registration long -> org.hibernate.type.LongType@1a958d2a
2021-04-16T14:14:58,309|[DEBUG] BasicTypeRegistry - Adding type registration java.lang.Long -> org.hibernate.type.LongType@1a958d2a
2021-04-16T14:14:58,310|[DEBUG] BasicTypeRegistry - Adding type registration float -> org.hibernate.type.FloatType@2f59f157
2021-04-16T14:14:58,310|[DEBUG] BasicTypeRegistry - Adding type registration float -> org.hibernate.type.FloatType@2f59f157
2021-04-16T14:14:58,310|[DEBUG] BasicTypeRegistry - Adding type registration java.lang.Float -> org.hibernate.type.FloatType@2f59f157
2021-04-16T14:14:58,312|[DEBUG] BasicTypeRegistry - Adding type registration double -> org.hibernate.type.DoubleType@2096ade6
2021-04-16T14:14:58,312|[DEBUG] BasicTypeRegistry - Adding type registration double -> org.hibernate.type.DoubleType@2096ade6
2021-04-16T14:14:58,312|[DEBUG] BasicTypeRegistry - Adding type registration java.lang.Double -> org.hibernate.type.DoubleType@2096ade6
2021-04-16T14:14:58,313|[DEBUG] BasicTypeRegistry - Adding type registration big_decimal -> org.hibernate.type.BigDecimalType@94af25
2021-04-16T14:14:58,313|[DEBUG] BasicTypeRegistry - Adding type registration java.math.BigDecimal -> org.hibernate.type.BigDecimalType@94af25
2021-04-16T14:14:58,314|[DEBUG] BasicTypeRegistry - Adding type registration big_integer -> org.hibernate.type.BigIntegerType@13bd25ab
2021-04-16T14:14:58,315|[DEBUG] BasicTypeRegistry - Adding type registration java.math.BigInteger -> org.hibernate.type.BigIntegerType@13bd25ab
2021-04-16T14:14:58,315|[DEBUG] BasicTypeRegistry - Adding type registration string -> org.hibernate.type.StringType@14f03098
2021-04-16T14:14:58,316|[DEBUG] BasicTypeRegistry - Adding type registration java.lang.String -> org.hibernate.type.StringType@14f03098
2021-04-16T14:14:58,316|[DEBUG] BasicTypeRegistry - Adding type registration nstring -> org.hibernate.type.StringNVarcharType@7df468f6
2021-04-16T14:14:58,317|[DEBUG] BasicTypeRegistry - Adding type registration ncharacter -> org.hibernate.type.CharacterNCharType@408db405
2021-04-16T14:14:58,318|[DEBUG] BasicTypeRegistry - Adding type registration url -> org.hibernate.type.UrlType@13666880
2021-04-16T14:14:58,318|[DEBUG] BasicTypeRegistry - Adding type registration java.net.URL -> org.hibernate.type.UrlType@13666880
2021-04-16T14:14:58,319|[DEBUG] BasicTypeRegistry - Adding type registration Duration -> org.hibernate.type.DurationType@391133ad
2021-04-16T14:14:58,319|[DEBUG] BasicTypeRegistry - Adding type registration java.time.Duration -> org.hibernate.type.DurationType@391133ad
2021-04-16T14:14:58,327|[DEBUG] BasicTypeRegistry - Adding type registration Instant -> org.hibernate.type.InstantType@4089505c
2021-04-16T14:14:58,327|[DEBUG] BasicTypeRegistry - Adding type registration java.time.Instant -> org.hibernate.type.InstantType@4089505c
2021-04-16T14:14:58,328|[DEBUG] BasicTypeRegistry - Adding type registration LocalDateTime -> org.hibernate.type.LocalDateTimeType@2e47ec5e
2021-04-16T14:14:58,328|[DEBUG] BasicTypeRegistry - Adding type registration java.time.LocalDateTime -> org.hibernate.type.LocalDateTimeType@2e47ec5e
2021-04-16T14:14:58,329|[DEBUG] BasicTypeRegistry - Adding type registration LocalDate -> org.hibernate.type.LocalDateType@45ba21bc
2021-04-16T14:14:58,329|[DEBUG] BasicTypeRegistry - Adding type registration java.time.LocalDate -> org.hibernate.type.LocalDateType@45ba21bc
2021-04-16T14:14:58,330|[DEBUG] BasicTypeRegistry - Adding type registration LocalTime -> org.hibernate.type.LocalTimeType@4c3133a1
2021-04-16T14:14:58,330|[DEBUG] BasicTypeRegistry - Adding type registration java.time.LocalTime -> org.hibernate.type.LocalTimeType@4c3133a1
2021-04-16T14:14:58,331|[DEBUG] BasicTypeRegistry - Adding type registration OffsetDateTime -> org.hibernate.type.OffsetDateTimeType@45ef4dcb
2021-04-16T14:14:58,331|[DEBUG] BasicTypeRegistry - Adding type registration java.time.OffsetDateTime -> org.hibernate.type.OffsetDateTimeType@45ef4dcb
2021-04-16T14:14:58,333|[DEBUG] BasicTypeRegistry - Adding type registration OffsetTime -> org.hibernate.type.OffsetTimeType@3fa27158
2021-04-16T14:14:58,333|[DEBUG] BasicTypeRegistry - Adding type registration java.time.OffsetTime -> org.hibernate.type.OffsetTimeType@3fa27158
2021-04-16T14:14:58,334|[DEBUG] BasicTypeRegistry - Adding type registration ZonedDateTime -> org.hibernate.type.ZonedDateTimeType@7e2f1454
2021-04-16T14:14:58,335|[DEBUG] BasicTypeRegistry - Adding type registration java.time.ZonedDateTime -> org.hibernate.type.ZonedDateTimeType@7e2f1454
2021-04-16T14:14:58,336|[DEBUG] BasicTypeRegistry - Adding type registration date -> org.hibernate.type.DateType@3dd916d9
2021-04-16T14:14:58,336|[DEBUG] BasicTypeRegistry - Adding type registration java.sql.Date -> org.hibernate.type.DateType@3dd916d9
2021-04-16T14:14:58,336|[DEBUG] BasicTypeRegistry - Adding type registration time -> org.hibernate.type.TimeType@b51d862
2021-04-16T14:14:58,336|[DEBUG] BasicTypeRegistry - Adding type registration java.sql.Time -> org.hibernate.type.TimeType@b51d862
2021-04-16T14:14:58,337|[DEBUG] BasicTypeRegistry - Adding type registration timestamp -> org.hibernate.type.TimestampType@3693deae
2021-04-16T14:14:58,337|[DEBUG] BasicTypeRegistry - Adding type registration java.sql.Timestamp -> org.hibernate.type.TimestampType@3693deae
2021-04-16T14:14:58,337|[DEBUG] BasicTypeRegistry - Adding type registration java.util.Date -> org.hibernate.type.TimestampType@3693deae
2021-04-16T14:14:58,338|[DEBUG] BasicTypeRegistry - Adding type registration dbtimestamp -> org.hibernate.type.DbTimestampType@92adb3b
2021-04-16T14:14:58,339|[DEBUG] BasicTypeRegistry - Adding type registration calendar -> org.hibernate.type.CalendarType@3a4dea70
2021-04-16T14:14:58,339|[DEBUG] BasicTypeRegistry - Adding type registration java.util.Calendar -> org.hibernate.type.CalendarType@3a4dea70
2021-04-16T14:14:58,339|[DEBUG] BasicTypeRegistry - Adding type registration java.util.GregorianCalendar -> org.hibernate.type.CalendarType@3a4dea70
2021-04-16T14:14:58,340|[DEBUG] BasicTypeRegistry - Adding type registration calendar_date -> org.hibernate.type.CalendarDateType@7c89133
2021-04-16T14:14:58,340|[DEBUG] BasicTypeRegistry - Adding type registration calendar_time -> org.hibernate.type.CalendarTimeType@620978eb
2021-04-16T14:14:58,341|[DEBUG] BasicTypeRegistry - Adding type registration locale -> org.hibernate.type.LocaleType@7bb92a71
2021-04-16T14:14:58,341|[DEBUG] BasicTypeRegistry - Adding type registration java.util.Locale -> org.hibernate.type.LocaleType@7bb92a71
2021-04-16T14:14:58,343|[DEBUG] BasicTypeRegistry - Adding type registration currency -> org.hibernate.type.CurrencyType@7346bede
2021-04-16T14:14:58,343|[DEBUG] BasicTypeRegistry - Adding type registration java.util.Currency -> org.hibernate.type.CurrencyType@7346bede
2021-04-16T14:14:58,344|[DEBUG] BasicTypeRegistry - Adding type registration timezone -> org.hibernate.type.TimeZoneType@61cbcf87
2021-04-16T14:14:58,344|[DEBUG] BasicTypeRegistry - Adding type registration java.util.TimeZone -> org.hibernate.type.TimeZoneType@61cbcf87
2021-04-16T14:14:58,344|[DEBUG] BasicTypeRegistry - Adding type registration class -> org.hibernate.type.ClassType@3528740f
2021-04-16T14:14:58,344|[DEBUG] BasicTypeRegistry - Adding type registration java.lang.Class -> org.hibernate.type.ClassType@3528740f
2021-04-16T14:14:58,345|[DEBUG] BasicTypeRegistry - Adding type registration uuid-binary -> org.hibernate.type.UUIDBinaryType@4fe3d15f
2021-04-16T14:14:58,346|[DEBUG] BasicTypeRegistry - Adding type registration java.util.UUID -> org.hibernate.type.UUIDBinaryType@4fe3d15f
2021-04-16T14:14:58,346|[DEBUG] BasicTypeRegistry - Adding type registration uuid-char -> org.hibernate.type.UUIDCharType@6fe37577
2021-04-16T14:14:58,347|[DEBUG] BasicTypeRegistry - Adding type registration binary -> org.hibernate.type.BinaryType@4d9ef371
2021-04-16T14:14:58,347|[DEBUG] BasicTypeRegistry - Adding type registration byte[] -> org.hibernate.type.BinaryType@4d9ef371
2021-04-16T14:14:58,347|[DEBUG] BasicTypeRegistry - Adding type registration [B -> org.hibernate.type.BinaryType@4d9ef371
2021-04-16T14:14:58,348|[DEBUG] BasicTypeRegistry - Adding type registration wrapper-binary -> org.hibernate.type.WrapperBinaryType@1a596879
2021-04-16T14:14:58,348|[DEBUG] BasicTypeRegistry - Adding type registration Byte[] -> org.hibernate.type.WrapperBinaryType@1a596879
2021-04-16T14:14:58,348|[DEBUG] BasicTypeRegistry - Adding type registration [Ljava.lang.Byte; -> org.hibernate.type.WrapperBinaryType@1a596879
2021-04-16T14:14:58,349|[DEBUG] BasicTypeRegistry - Adding type registration row_version -> org.hibernate.type.RowVersionType@49c15ad2
2021-04-16T14:14:58,349|[DEBUG] BasicTypeRegistry - Adding type registration image -> org.hibernate.type.ImageType@244ba147
2021-04-16T14:14:58,350|[DEBUG] BasicTypeRegistry - Adding type registration characters -> org.hibernate.type.CharArrayType@3d2bb013
2021-04-16T14:14:58,350|[DEBUG] BasicTypeRegistry - Adding type registration char[] -> org.hibernate.type.CharArrayType@3d2bb013
2021-04-16T14:14:58,350|[DEBUG] BasicTypeRegistry - Adding type registration [C -> org.hibernate.type.CharArrayType@3d2bb013
2021-04-16T14:14:58,351|[DEBUG] BasicTypeRegistry - Adding type registration wrapper-characters -> org.hibernate.type.CharacterArrayType@38a7f7a2
2021-04-16T14:14:58,351|[DEBUG] BasicTypeRegistry - Adding type registration [Ljava.lang.Character; -> org.hibernate.type.CharacterArrayType@38a7f7a2
2021-04-16T14:14:58,352|[DEBUG] BasicTypeRegistry - Adding type registration Character[] -> org.hibernate.type.CharacterArrayType@38a7f7a2
2021-04-16T14:14:58,352|[DEBUG] BasicTypeRegistry - Adding type registration text -> org.hibernate.type.TextType@2280c0f5
2021-04-16T14:14:58,353|[DEBUG] BasicTypeRegistry - Adding type registration ntext -> org.hibernate.type.NTextType@2b60acb3
2021-04-16T14:14:58,354|[DEBUG] BasicTypeRegistry - Adding type registration blob -> org.hibernate.type.BlobType@3bd6ce4e
2021-04-16T14:14:58,354|[DEBUG] BasicTypeRegistry - Adding type registration java.sql.Blob -> org.hibernate.type.BlobType@3bd6ce4e
2021-04-16T14:14:58,354|[DEBUG] BasicTypeRegistry - Adding type registration materialized_blob -> org.hibernate.type.MaterializedBlobType@78235b90
2021-04-16T14:14:58,355|[DEBUG] BasicTypeRegistry - Adding type registration clob -> org.hibernate.type.ClobType@79f6e671
2021-04-16T14:14:58,355|[DEBUG] BasicTypeRegistry - Adding type registration java.sql.Clob -> org.hibernate.type.ClobType@79f6e671
2021-04-16T14:14:58,356|[DEBUG] BasicTypeRegistry - Adding type registration nclob -> org.hibernate.type.NClobType@4c49471c
2021-04-16T14:14:58,356|[DEBUG] BasicTypeRegistry - Adding type registration java.sql.NClob -> org.hibernate.type.NClobType@4c49471c
2021-04-16T14:14:58,357|[DEBUG] BasicTypeRegistry - Adding type registration materialized_clob -> org.hibernate.type.MaterializedClobType@241410c5
2021-04-16T14:14:58,357|[DEBUG] BasicTypeRegistry - Adding type registration materialized_nclob -> org.hibernate.type.MaterializedNClobType@525aae0c
2021-04-16T14:14:58,358|[DEBUG] BasicTypeRegistry - Adding type registration serializable -> org.hibernate.type.SerializableType@2c3f9229
2021-04-16T14:14:58,361|[DEBUG] BasicTypeRegistry - Adding type registration object -> org.hibernate.type.ObjectType@a353dff
2021-04-16T14:14:58,361|[DEBUG] BasicTypeRegistry - Adding type registration java.lang.Object -> org.hibernate.type.ObjectType@a353dff
2021-04-16T14:14:58,362|[DEBUG] BasicTypeRegistry - Adding type registration imm_date -> org.hibernate.type.AdaptedImmutableType@1050fcff
2021-04-16T14:14:58,362|[DEBUG] BasicTypeRegistry - Adding type registration imm_time -> org.hibernate.type.AdaptedImmutableType@bcfe4ba
2021-04-16T14:14:58,362|[DEBUG] BasicTypeRegistry - Adding type registration imm_timestamp -> org.hibernate.type.AdaptedImmutableType@173158e8
2021-04-16T14:14:58,362|[DEBUG] BasicTypeRegistry - Adding type registration imm_dbtimestamp -> org.hibernate.type.AdaptedImmutableType@6bc93bcb
2021-04-16T14:14:58,362|[DEBUG] BasicTypeRegistry - Adding type registration imm_calendar -> org.hibernate.type.AdaptedImmutableType@7c698549
2021-04-16T14:14:58,362|[DEBUG] BasicTypeRegistry - Adding type registration imm_calendar_date -> org.hibernate.type.AdaptedImmutableType@8f7544a
2021-04-16T14:14:58,362|[DEBUG] BasicTypeRegistry - Adding type registration imm_binary -> org.hibernate.type.AdaptedImmutableType@151cbba4
2021-04-16T14:14:58,362|[DEBUG] BasicTypeRegistry - Adding type registration imm_serializable -> org.hibernate.type.AdaptedImmutableType@3729cdaf
2021-04-16T14:14:58,521|[INFO ] Dialect - HHH000400: Using dialect: org.hibernate.dialect.MySQL8Dialect
2021-04-16T14:14:58,589|[DEBUG] TypeConfiguration$Scope - Scoping TypeConfiguration [org.hibernate.type.spi.TypeConfiguration@3f6edaf8] to MetadataBuildingContext [org.hibernate.boot.internal.MetadataBuildingContextRootImpl@6543709]
2021-04-16T14:14:58,734|[INFO ] beans - HHH10005002: No explicit CDI BeanManager reference was passed to Hibernate, but CDI is available on the Hibernate ClassLoader.
2021-04-16T14:14:58,736|[DEBUG] JavaTypeDescriptorRegistry - Could not find matching scoped JavaTypeDescriptor for requested Java class [entity.RhesusFactorConvertor]; falling back to static registry
2021-04-16T14:14:58,739|[DEBUG] JavaTypeDescriptorRegistry - Could not find matching scoped JavaTypeDescriptor for requested Java class [java.lang.String]; falling back to static registry
2021-04-16T14:14:58,741|[DEBUG] AttributeConverterTypeAdapter - Created AttributeConverterTypeAdapter -> converted::entity.RhesusFactorConvertor
2021-04-16T14:14:58,772|[DEBUG] EnumType - Using NAMED-based conversion for Enum entity.BloodGroup
2021-04-16T14:14:58,861|[DEBUG] TypeConfiguration$Scope - Scoping TypeConfiguration [org.hibernate.type.spi.TypeConfiguration@3f6edaf8] to SessionFactoryImpl [org.hibernate.internal.SessionFactoryImpl@4136d4da]
2021-04-16T14:14:59,226|[INFO ] SchemaCreatorImpl - HHH000476: Executing import script 'file:/D:/OneDrive%20-%20Algonquin%20College/Computer%20Programming/dev/Level%203/SimpleBloodBank-Skeleton/target/classes/META-INF/sql/simplebloodbank-drop.sql'
2021-04-16T14:14:59,239|[DEBUG] SQL - 
    
    DROP SCHEMA IF EXISTS `simplebloodbank`
2021-04-16T14:14:59,368|[INFO ] SchemaCreatorImpl - HHH000476: Executing import script 'file:/D:/OneDrive%20-%20Algonquin%20College/Computer%20Programming/dev/Level%203/SimpleBloodBank-Skeleton/target/classes/META-INF/sql/simplebloodbank-create.sql'
2021-04-16T14:14:59,407|[DEBUG] SQL - CREATE SCHEMA IF NOT EXISTS `simplebloodbank` DEFAULT CHARACTER SET utf8mb4 COLLATE utf8mb4_0900_ai_ci
2021-04-16T14:14:59,423|[DEBUG] SQL - 
    
    USE `simplebloodbank`
2021-04-16T14:14:59,424|[DEBUG] SQL - 
    
    CREATE TABLE IF NOT EXISTS `simplebloodbank`.`person` (
          `id` INT NOT NULL AUTO_INCREMENT,
          `first_name` VARCHAR(50) NOT NULL,
          `last_name` VARCHAR(50) NOT NULL,
          `phone` VARCHAR(15) NOT NULL,
          `address` VARCHAR(100) NOT NULL,
          `birth` DATETIME NOT NULL,
          PRIMARY KEY (`id`),
          UNIQUE INDEX `id_UNIQUE` (`id` ASC) VISIBLE
    ) ENGINE = InnoDB AUTO_INCREMENT = 2 DEFAULT CHARACTER SET = utf8mb4 COLLATE = utf8mb4_0900_ai_ci
2021-04-16T14:14:59,485|[DEBUG] SQL - 
    
    CREATE TABLE IF NOT EXISTS `simplebloodbank`.`blood_bank` (
          `bank_id` INT NOT NULL AUTO_INCREMENT,
          `owner` INT NULL,
          `name` VARCHAR(100) NOT NULL,
          `privately_owned` BIT(1) NOT NULL,
          `established` DATETIME NOT NULL,
          `emplyee_count` INT NOT NULL,
          PRIMARY KEY (`bank_id`),
          UNIQUE INDEX `name_UNIQUE` (`name` ASC) VISIBLE,
          UNIQUE INDEX `bank_id_UNIQUE` (`bank_id` ASC) VISIBLE,
          INDEX `fk_blood_bank_person1_idx` (`owner` ASC) VISIBLE,
          CONSTRAINT `fk_blood_bank_person1`     FOREIGN KEY (`owner`)     REFERENCES `simplebloodbank`.`person` (`id`)     ON DELETE NO ACTION     ON UPDATE NO ACTION
    ) ENGINE = InnoDB DEFAULT CHARACTER SET = utf8mb4 COLLATE = utf8mb4_0900_ai_ci
2021-04-16T14:14:59,553|[DEBUG] SQL - 
    
    CREATE TABLE IF NOT EXISTS `simplebloodbank`.`blood_donation` (
          `donation_id` INT NOT NULL AUTO_INCREMENT,
          `bank_id` INT NULL,
          `milliliters` INT NOT NULL,
          `blood_group` ENUM('A', 'B', 'AB', 'O') NOT NULL,
          `rhd` ENUM('+', '-') NOT NULL,
          `created` DATETIME NOT NULL,
          PRIMARY KEY (`donation_id`),
          INDEX `fk_blood_donation_blood_bank1_idx` (`bank_id` ASC) VISIBLE,
          UNIQUE INDEX `donation_id_UNIQUE` (`donation_id` ASC) VISIBLE,
          CONSTRAINT `fk_blood_donation_blood_bank1`     FOREIGN KEY (`bank_id`)     REFERENCES `simplebloodbank`.`blood_bank` (`bank_id`)
    ) ENGINE = InnoDB DEFAULT CHARACTER SET = utf8mb4 COLLATE = utf8mb4_0900_ai_ci
2021-04-16T14:14:59,624|[DEBUG] SQL - 
    
    CREATE TABLE IF NOT EXISTS `simplebloodbank`.`donation_record` (
          `record_id` INT NOT NULL AUTO_INCREMENT,
          `person_id` INT NULL DEFAULT NULL,
          `donation_id` INT NULL DEFAULT NULL,
          `tested` BIT(1) NOT NULL,
          `administrator` VARCHAR(100) NOT NULL,
          `hospital` VARCHAR(100) NOT NULL,
          `created` DATETIME NOT NULL,
          PRIMARY KEY (`record_id`),
          UNIQUE INDEX `record_id_UNIQUE` (`record_id` ASC) VISIBLE,
          INDEX `fk_donation_record_person1_idx` (`person_id` ASC) VISIBLE,
          INDEX `fk_donation_record_blood_donation1_idx` (`donation_id` ASC) VISIBLE,
          CONSTRAINT `fk_donation_record_blood_donation1`     FOREIGN KEY (`donation_id`)     REFERENCES `simplebloodbank`.`blood_donation` (`donation_id`),
          CONSTRAINT `fk_donation_record_person1`     FOREIGN KEY (`person_id`)     REFERENCES `simplebloodbank`.`person` (`id`)
    ) ENGINE = InnoDB DEFAULT CHARACTER SET = utf8mb4 COLLATE = utf8mb4_0900_ai_ci
2021-04-16T14:14:59,717|[DEBUG] SQL - 
    
    CREATE TABLE IF NOT EXISTS `simplebloodbank`.`account` (
          `id` INT NOT NULL AUTO_INCREMENT,
          `name` VARCHAR(45) NOT NULL,
          `nickname` VARCHAR(45) NULL,
          `username` VARCHAR(45) NOT NULL,
          `password` VARCHAR(45) NOT NULL,
          PRIMARY KEY (`id`),
          UNIQUE INDEX `name_UNIQUE` (`name` ASC) VISIBLE,
          UNIQUE INDEX `username_UNIQUE` (`username` ASC) VISIBLE
    ) ENGINE = InnoDB
2021-04-16T14:14:59,803|[INFO ] JtaPlatformInitiator - HHH000490: Using JtaPlatform implementation: [org.hibernate.engine.transaction.jta.platform.internal.NoJtaPlatform]
2021-04-16T14:14:59,991|[DEBUG] ServletListener - EMF initialized
2021-04-16T14:15:00,365|[DEBUG] EMFactory - getting EntityManagerFactory
2021-04-16T14:15:00,365|[DEBUG] EMFactory - initializeing EntityManagerFactory
2021-04-16T14:15:00,476|[DEBUG] SQL - 
    /* insert entity.Account
        */ insert 
        into
            simplebloodbank.account
            (name, nickname, password, username) 
        values
            (?, ?, ?, ?)
2021-04-16T14:15:00,507|[TRACE] BasicBinder - binding parameter [1] as [VARCHAR] - [Junit 5 Test]
2021-04-16T14:15:00,507|[TRACE] BasicBinder - binding parameter [2] as [VARCHAR] - [jay]
2021-04-16T14:15:00,507|[TRACE] BasicBinder - binding parameter [3] as [VARCHAR] - [junit5]
2021-04-16T14:15:00,507|[TRACE] BasicBinder - binding parameter [4] as [VARCHAR] - [junit]
2021-04-16T14:15:00,544|[DEBUG] EMFactory - getting EntityManagerFactory
2021-04-16T14:15:00,544|[DEBUG] EMFactory - initializeing EntityManagerFactory
2021-04-16T14:15:00,558|[DEBUG] SQL - 
    /* load entity.Account */ select
        account0_.id as id1_0_0_,
        account0_.name as name2_0_0_,
        account0_.nickname as nickname3_0_0_,
        account0_.password as password4_0_0_,
        account0_.username as username5_0_0_ 
    from
        simplebloodbank.account account0_ 
    where
        account0_.id=?
2021-04-16T14:15:00,559|[TRACE] BasicBinder - binding parameter [1] as [INTEGER] - [1]
2021-04-16T14:15:00,564|[TRACE] BasicExtractor - extracted value ([name2_0_0_] : [VARCHAR]) - [Junit 5 Test]
2021-04-16T14:15:00,564|[TRACE] BasicExtractor - extracted value ([nickname3_0_0_] : [VARCHAR]) - [jay]
2021-04-16T14:15:00,564|[TRACE] BasicExtractor - extracted value ([password4_0_0_] : [VARCHAR]) - [junit5]
2021-04-16T14:15:00,564|[TRACE] BasicExtractor - extracted value ([username5_0_0_] : [VARCHAR]) - [junit]
2021-04-16T14:15:00,580|[DEBUG] SQL - 
    /* delete entity.Account */ delete 
        from
            simplebloodbank.account 
        where
            id=?
2021-04-16T14:15:00,580|[TRACE] BasicBinder - binding parameter [1] as [INTEGER] - [1]
]]></system-out>
    <system-err><![CDATA[Apr 16, 2021 2:14:55 PM org.apache.catalina.core.StandardService startInternal
INFO: Starting service [Tomcat]
Apr 16, 2021 2:14:55 PM org.apache.catalina.core.StandardEngine startInternal
INFO: Starting Servlet engine: [Apache Tomcat/9.0.44]
Apr 16, 2021 2:14:55 PM org.apache.catalina.startup.ContextConfig getDefaultWebXmlFragment
INFO: No global web.xml found
Apr 16, 2021 2:14:55 PM org.apache.tomcat.util.scan.StandardJarScanner processURLs
WARNING: Failed to scan [file:/C:/Users/shado/.m2/repository/org/glassfish/jaxb/jaxb-runtime/2.3.1/jaxb-api-2.3.1.jar] from classloader hierarchy
java.io.IOException: java.lang.reflect.InvocationTargetException
	at org.apache.tomcat.util.compat.Jre9Compat.jarFileNewInstance(Jre9Compat.java:209)
	at org.apache.tomcat.util.scan.JarFileUrlJar.<init>(JarFileUrlJar.java:65)
	at org.apache.tomcat.util.scan.JarFactory.newInstance(JarFactory.java:49)
	at org.apache.tomcat.util.scan.StandardJarScanner.process(StandardJarScanner.java:383)
	at org.apache.tomcat.util.scan.StandardJarScanner.processURLs(StandardJarScanner.java:318)
	at org.apache.tomcat.util.scan.StandardJarScanner.doScanClassPath(StandardJarScanner.java:282)
	at org.apache.tomcat.util.scan.StandardJarScanner.scan(StandardJarScanner.java:233)
	at org.apache.catalina.startup.ContextConfig.processJarsForWebFragments(ContextConfig.java:2135)
	at org.apache.catalina.startup.ContextConfig.webConfig(ContextConfig.java:1289)
	at org.apache.catalina.startup.ContextConfig.configureStart(ContextConfig.java:986)
	at org.apache.catalina.startup.ContextConfig.lifecycleEvent(ContextConfig.java:303)
	at org.apache.catalina.util.LifecycleBase.fireLifecycleEvent(LifecycleBase.java:123)
	at org.apache.catalina.core.StandardContext.startInternal(StandardContext.java:5082)
	at org.apache.catalina.util.LifecycleBase.start(LifecycleBase.java:183)
	at org.apache.catalina.core.ContainerBase$StartChild.call(ContainerBase.java:1384)
	at org.apache.catalina.core.ContainerBase$StartChild.call(ContainerBase.java:1374)
	at java.base/java.util.concurrent.FutureTask.run(FutureTask.java:264)
	at org.apache.tomcat.util.threads.InlineExecutorService.execute(InlineExecutorService.java:75)
	at java.base/java.util.concurrent.AbstractExecutorService.submit(AbstractExecutorService.java:140)
	at org.apache.catalina.core.ContainerBase.startInternal(ContainerBase.java:909)
	at org.apache.catalina.core.StandardHost.startInternal(StandardHost.java:843)
	at org.apache.catalina.util.LifecycleBase.start(LifecycleBase.java:183)
	at org.apache.catalina.core.ContainerBase$StartChild.call(ContainerBase.java:1384)
	at org.apache.catalina.core.ContainerBase$StartChild.call(ContainerBase.java:1374)
	at java.base/java.util.concurrent.FutureTask.run(FutureTask.java:264)
	at org.apache.tomcat.util.threads.InlineExecutorService.execute(InlineExecutorService.java:75)
	at java.base/java.util.concurrent.AbstractExecutorService.submit(AbstractExecutorService.java:140)
	at org.apache.catalina.core.ContainerBase.startInternal(ContainerBase.java:909)
	at org.apache.catalina.core.StandardEngine.startInternal(StandardEngine.java:262)
	at org.apache.catalina.util.LifecycleBase.start(LifecycleBase.java:183)
	at org.apache.catalina.core.StandardService.startInternal(StandardService.java:434)
	at org.apache.catalina.util.LifecycleBase.start(LifecycleBase.java:183)
	at org.apache.catalina.core.StandardServer.startInternal(StandardServer.java:930)
	at org.apache.catalina.util.LifecycleBase.start(LifecycleBase.java:183)
	at org.apache.catalina.startup.Tomcat.start(Tomcat.java:486)
	at common.TomcatStartUp.createTomcat(TomcatStartUp.java:20)
	at logic.AccountLogicTest.setUpBeforeClass(AccountLogicTest.java:36)
	at java.base/jdk.internal.reflect.NativeMethodAccessorImpl.invoke0(Native Method)
	at java.base/jdk.internal.reflect.NativeMethodAccessorImpl.invoke(NativeMethodAccessorImpl.java:62)
	at java.base/jdk.internal.reflect.DelegatingMethodAccessorImpl.invoke(DelegatingMethodAccessorImpl.java:43)
	at java.base/java.lang.reflect.Method.invoke(Method.java:566)
	at org.junit.platform.commons.util.ReflectionUtils.invokeMethod(ReflectionUtils.java:688)
	at org.junit.jupiter.engine.execution.MethodInvocation.proceed(MethodInvocation.java:60)
	at org.junit.jupiter.engine.execution.InvocationInterceptorChain$ValidatingInvocation.proceed(InvocationInterceptorChain.java:131)
	at org.junit.jupiter.engine.extension.TimeoutExtension.intercept(TimeoutExtension.java:149)
	at org.junit.jupiter.engine.extension.TimeoutExtension.interceptLifecycleMethod(TimeoutExtension.java:126)
	at org.junit.jupiter.engine.extension.TimeoutExtension.interceptBeforeAllMethod(TimeoutExtension.java:68)
	at org.junit.jupiter.engine.execution.ExecutableInvoker$ReflectiveInterceptorCall.lambda$ofVoidMethod$0(ExecutableInvoker.java:115)
	at org.junit.jupiter.engine.execution.ExecutableInvoker.lambda$invoke$0(ExecutableInvoker.java:105)
	at org.junit.jupiter.engine.execution.InvocationInterceptorChain$InterceptedInvocation.proceed(InvocationInterceptorChain.java:106)
	at org.junit.jupiter.engine.execution.InvocationInterceptorChain.proceed(InvocationInterceptorChain.java:64)
	at org.junit.jupiter.engine.execution.InvocationInterceptorChain.chainAndInvoke(InvocationInterceptorChain.java:45)
	at org.junit.jupiter.engine.execution.InvocationInterceptorChain.invoke(InvocationInterceptorChain.java:37)
	at org.junit.jupiter.engine.execution.ExecutableInvoker.invoke(ExecutableInvoker.java:104)
	at org.junit.jupiter.engine.execution.ExecutableInvoker.invoke(ExecutableInvoker.java:98)
	at org.junit.jupiter.engine.descriptor.ClassBasedTestDescriptor.lambda$invokeBeforeAllMethods$9(ClassBasedTestDescriptor.java:384)
	at org.junit.platform.engine.support.hierarchical.ThrowableCollector.execute(ThrowableCollector.java:73)
	at org.junit.jupiter.engine.descriptor.ClassBasedTestDescriptor.invokeBeforeAllMethods(ClassBasedTestDescriptor.java:382)
	at org.junit.jupiter.engine.descriptor.ClassBasedTestDescriptor.before(ClassBasedTestDescriptor.java:196)
	at org.junit.jupiter.engine.descriptor.ClassBasedTestDescriptor.before(ClassBasedTestDescriptor.java:78)
	at org.junit.platform.engine.support.hierarchical.NodeTestTask.lambda$executeRecursively$5(NodeTestTask.java:136)
	at org.junit.platform.engine.support.hierarchical.ThrowableCollector.execute(ThrowableCollector.java:73)
	at org.junit.platform.engine.support.hierarchical.NodeTestTask.lambda$executeRecursively$7(NodeTestTask.java:129)
	at org.junit.platform.engine.support.hierarchical.Node.around(Node.java:137)
	at org.junit.platform.engine.support.hierarchical.NodeTestTask.lambda$executeRecursively$8(NodeTestTask.java:127)
	at org.junit.platform.engine.support.hierarchical.ThrowableCollector.execute(ThrowableCollector.java:73)
	at org.junit.platform.engine.support.hierarchical.NodeTestTask.executeRecursively(NodeTestTask.java:126)
	at org.junit.platform.engine.support.hierarchical.NodeTestTask.execute(NodeTestTask.java:84)
	at java.base/java.util.ArrayList.forEach(ArrayList.java:1541)
	at org.junit.platform.engine.support.hierarchical.SameThreadHierarchicalTestExecutorService.invokeAll(SameThreadHierarchicalTestExecutorService.java:38)
	at org.junit.platform.engine.support.hierarchical.NodeTestTask.lambda$executeRecursively$5(NodeTestTask.java:143)
	at org.junit.platform.engine.support.hierarchical.ThrowableCollector.execute(ThrowableCollector.java:73)
	at org.junit.platform.engine.support.hierarchical.NodeTestTask.lambda$executeRecursively$7(NodeTestTask.java:129)
	at org.junit.platform.engine.support.hierarchical.Node.around(Node.java:137)
	at org.junit.platform.engine.support.hierarchical.NodeTestTask.lambda$executeRecursively$8(NodeTestTask.java:127)
	at org.junit.platform.engine.support.hierarchical.ThrowableCollector.execute(ThrowableCollector.java:73)
	at org.junit.platform.engine.support.hierarchical.NodeTestTask.executeRecursively(NodeTestTask.java:126)
	at org.junit.platform.engine.support.hierarchical.NodeTestTask.execute(NodeTestTask.java:84)
	at org.junit.platform.engine.support.hierarchical.SameThreadHierarchicalTestExecutorService.submit(SameThreadHierarchicalTestExecutorService.java:32)
	at org.junit.platform.engine.support.hierarchical.HierarchicalTestExecutor.execute(HierarchicalTestExecutor.java:57)
	at org.junit.platform.engine.support.hierarchical.HierarchicalTestEngine.execute(HierarchicalTestEngine.java:51)
	at org.junit.platform.launcher.core.EngineExecutionOrchestrator.execute(EngineExecutionOrchestrator.java:108)
	at org.junit.platform.launcher.core.EngineExecutionOrchestrator.execute(EngineExecutionOrchestrator.java:88)
	at org.junit.platform.launcher.core.EngineExecutionOrchestrator.lambda$execute$0(EngineExecutionOrchestrator.java:54)
	at org.junit.platform.launcher.core.EngineExecutionOrchestrator.withInterceptedStreams(EngineExecutionOrchestrator.java:67)
	at org.junit.platform.launcher.core.EngineExecutionOrchestrator.execute(EngineExecutionOrchestrator.java:52)
	at org.junit.platform.launcher.core.DefaultLauncher.execute(DefaultLauncher.java:96)
	at org.junit.platform.launcher.core.DefaultLauncher.execute(DefaultLauncher.java:75)
	at org.apache.maven.surefire.junitplatform.JUnitPlatformProvider.execute(JUnitPlatformProvider.java:188)
	at org.apache.maven.surefire.junitplatform.JUnitPlatformProvider.invokeAllTests(JUnitPlatformProvider.java:154)
	at org.apache.maven.surefire.junitplatform.JUnitPlatformProvider.invoke(JUnitPlatformProvider.java:128)
	at org.apache.maven.surefire.booter.ForkedBooter.runSuitesInProcess(ForkedBooter.java:428)
	at org.apache.maven.surefire.booter.ForkedBooter.execute(ForkedBooter.java:162)
	at org.apache.maven.surefire.booter.ForkedBooter.run(ForkedBooter.java:562)
	at org.apache.maven.surefire.booter.ForkedBooter.main(ForkedBooter.java:548)
Caused by: java.lang.reflect.InvocationTargetException
	at java.base/jdk.internal.reflect.GeneratedConstructorAccessor17.newInstance(Unknown Source)
	at java.base/jdk.internal.reflect.DelegatingConstructorAccessorImpl.newInstance(DelegatingConstructorAccessorImpl.java:45)
	at java.base/java.lang.reflect.Constructor.newInstance(Constructor.java:490)
	at org.apache.tomcat.util.compat.Jre9Compat.jarFileNewInstance(Jre9Compat.java:206)
	... 94 more
Caused by: java.nio.file.NoSuchFileException: C:\Users\shado\.m2\repository\org\glassfish\jaxb\jaxb-runtime\2.3.1\jaxb-api-2.3.1.jar
	at java.base/sun.nio.fs.WindowsException.translateToIOException(WindowsException.java:85)
	at java.base/sun.nio.fs.WindowsException.rethrowAsIOException(WindowsException.java:103)
	at java.base/sun.nio.fs.WindowsException.rethrowAsIOException(WindowsException.java:108)
	at java.base/sun.nio.fs.WindowsFileAttributeViews$Basic.readAttributes(WindowsFileAttributeViews.java:53)
	at java.base/sun.nio.fs.WindowsFileAttributeViews$Basic.readAttributes(WindowsFileAttributeViews.java:38)
	at java.base/sun.nio.fs.WindowsFileSystemProvider.readAttributes(WindowsFileSystemProvider.java:198)
	at java.base/java.nio.file.Files.readAttributes(Files.java:1763)
	at java.base/java.util.zip.ZipFile$Source.get(ZipFile.java:1225)
	at java.base/java.util.zip.ZipFile$CleanableResource.<init>(ZipFile.java:727)
	at java.base/java.util.zip.ZipFile$CleanableResource.get(ZipFile.java:844)
	at java.base/java.util.zip.ZipFile.<init>(ZipFile.java:247)
	at java.base/java.util.zip.ZipFile.<init>(ZipFile.java:177)
	at java.base/java.util.jar.JarFile.<init>(JarFile.java:348)
	... 98 more

Apr 16, 2021 2:14:55 PM org.apache.tomcat.util.scan.StandardJarScanner processURLs
WARNING: Failed to scan [file:/C:/Users/shado/.m2/repository/org/glassfish/jaxb/jaxb-runtime/2.3.1/txw2-2.3.1.jar] from classloader hierarchy
java.io.IOException: java.lang.reflect.InvocationTargetException
	at org.apache.tomcat.util.compat.Jre9Compat.jarFileNewInstance(Jre9Compat.java:209)
	at org.apache.tomcat.util.scan.JarFileUrlJar.<init>(JarFileUrlJar.java:65)
	at org.apache.tomcat.util.scan.JarFactory.newInstance(JarFactory.java:49)
	at org.apache.tomcat.util.scan.StandardJarScanner.process(StandardJarScanner.java:383)
	at org.apache.tomcat.util.scan.StandardJarScanner.processURLs(StandardJarScanner.java:318)
	at org.apache.tomcat.util.scan.StandardJarScanner.doScanClassPath(StandardJarScanner.java:282)
	at org.apache.tomcat.util.scan.StandardJarScanner.scan(StandardJarScanner.java:233)
	at org.apache.catalina.startup.ContextConfig.processJarsForWebFragments(ContextConfig.java:2135)
	at org.apache.catalina.startup.ContextConfig.webConfig(ContextConfig.java:1289)
	at org.apache.catalina.startup.ContextConfig.configureStart(ContextConfig.java:986)
	at org.apache.catalina.startup.ContextConfig.lifecycleEvent(ContextConfig.java:303)
	at org.apache.catalina.util.LifecycleBase.fireLifecycleEvent(LifecycleBase.java:123)
	at org.apache.catalina.core.StandardContext.startInternal(StandardContext.java:5082)
	at org.apache.catalina.util.LifecycleBase.start(LifecycleBase.java:183)
	at org.apache.catalina.core.ContainerBase$StartChild.call(ContainerBase.java:1384)
	at org.apache.catalina.core.ContainerBase$StartChild.call(ContainerBase.java:1374)
	at java.base/java.util.concurrent.FutureTask.run(FutureTask.java:264)
	at org.apache.tomcat.util.threads.InlineExecutorService.execute(InlineExecutorService.java:75)
	at java.base/java.util.concurrent.AbstractExecutorService.submit(AbstractExecutorService.java:140)
	at org.apache.catalina.core.ContainerBase.startInternal(ContainerBase.java:909)
	at org.apache.catalina.core.StandardHost.startInternal(StandardHost.java:843)
	at org.apache.catalina.util.LifecycleBase.start(LifecycleBase.java:183)
	at org.apache.catalina.core.ContainerBase$StartChild.call(ContainerBase.java:1384)
	at org.apache.catalina.core.ContainerBase$StartChild.call(ContainerBase.java:1374)
	at java.base/java.util.concurrent.FutureTask.run(FutureTask.java:264)
	at org.apache.tomcat.util.threads.InlineExecutorService.execute(InlineExecutorService.java:75)
	at java.base/java.util.concurrent.AbstractExecutorService.submit(AbstractExecutorService.java:140)
	at org.apache.catalina.core.ContainerBase.startInternal(ContainerBase.java:909)
	at org.apache.catalina.core.StandardEngine.startInternal(StandardEngine.java:262)
	at org.apache.catalina.util.LifecycleBase.start(LifecycleBase.java:183)
	at org.apache.catalina.core.StandardService.startInternal(StandardService.java:434)
	at org.apache.catalina.util.LifecycleBase.start(LifecycleBase.java:183)
	at org.apache.catalina.core.StandardServer.startInternal(StandardServer.java:930)
	at org.apache.catalina.util.LifecycleBase.start(LifecycleBase.java:183)
	at org.apache.catalina.startup.Tomcat.start(Tomcat.java:486)
	at common.TomcatStartUp.createTomcat(TomcatStartUp.java:20)
	at logic.AccountLogicTest.setUpBeforeClass(AccountLogicTest.java:36)
	at java.base/jdk.internal.reflect.NativeMethodAccessorImpl.invoke0(Native Method)
	at java.base/jdk.internal.reflect.NativeMethodAccessorImpl.invoke(NativeMethodAccessorImpl.java:62)
	at java.base/jdk.internal.reflect.DelegatingMethodAccessorImpl.invoke(DelegatingMethodAccessorImpl.java:43)
	at java.base/java.lang.reflect.Method.invoke(Method.java:566)
	at org.junit.platform.commons.util.ReflectionUtils.invokeMethod(ReflectionUtils.java:688)
	at org.junit.jupiter.engine.execution.MethodInvocation.proceed(MethodInvocation.java:60)
	at org.junit.jupiter.engine.execution.InvocationInterceptorChain$ValidatingInvocation.proceed(InvocationInterceptorChain.java:131)
	at org.junit.jupiter.engine.extension.TimeoutExtension.intercept(TimeoutExtension.java:149)
	at org.junit.jupiter.engine.extension.TimeoutExtension.interceptLifecycleMethod(TimeoutExtension.java:126)
	at org.junit.jupiter.engine.extension.TimeoutExtension.interceptBeforeAllMethod(TimeoutExtension.java:68)
	at org.junit.jupiter.engine.execution.ExecutableInvoker$ReflectiveInterceptorCall.lambda$ofVoidMethod$0(ExecutableInvoker.java:115)
	at org.junit.jupiter.engine.execution.ExecutableInvoker.lambda$invoke$0(ExecutableInvoker.java:105)
	at org.junit.jupiter.engine.execution.InvocationInterceptorChain$InterceptedInvocation.proceed(InvocationInterceptorChain.java:106)
	at org.junit.jupiter.engine.execution.InvocationInterceptorChain.proceed(InvocationInterceptorChain.java:64)
	at org.junit.jupiter.engine.execution.InvocationInterceptorChain.chainAndInvoke(InvocationInterceptorChain.java:45)
	at org.junit.jupiter.engine.execution.InvocationInterceptorChain.invoke(InvocationInterceptorChain.java:37)
	at org.junit.jupiter.engine.execution.ExecutableInvoker.invoke(ExecutableInvoker.java:104)
	at org.junit.jupiter.engine.execution.ExecutableInvoker.invoke(ExecutableInvoker.java:98)
	at org.junit.jupiter.engine.descriptor.ClassBasedTestDescriptor.lambda$invokeBeforeAllMethods$9(ClassBasedTestDescriptor.java:384)
	at org.junit.platform.engine.support.hierarchical.ThrowableCollector.execute(ThrowableCollector.java:73)
	at org.junit.jupiter.engine.descriptor.ClassBasedTestDescriptor.invokeBeforeAllMethods(ClassBasedTestDescriptor.java:382)
	at org.junit.jupiter.engine.descriptor.ClassBasedTestDescriptor.before(ClassBasedTestDescriptor.java:196)
	at org.junit.jupiter.engine.descriptor.ClassBasedTestDescriptor.before(ClassBasedTestDescriptor.java:78)
	at org.junit.platform.engine.support.hierarchical.NodeTestTask.lambda$executeRecursively$5(NodeTestTask.java:136)
	at org.junit.platform.engine.support.hierarchical.ThrowableCollector.execute(ThrowableCollector.java:73)
	at org.junit.platform.engine.support.hierarchical.NodeTestTask.lambda$executeRecursively$7(NodeTestTask.java:129)
	at org.junit.platform.engine.support.hierarchical.Node.around(Node.java:137)
	at org.junit.platform.engine.support.hierarchical.NodeTestTask.lambda$executeRecursively$8(NodeTestTask.java:127)
	at org.junit.platform.engine.support.hierarchical.ThrowableCollector.execute(ThrowableCollector.java:73)
	at org.junit.platform.engine.support.hierarchical.NodeTestTask.executeRecursively(NodeTestTask.java:126)
	at org.junit.platform.engine.support.hierarchical.NodeTestTask.execute(NodeTestTask.java:84)
	at java.base/java.util.ArrayList.forEach(ArrayList.java:1541)
	at org.junit.platform.engine.support.hierarchical.SameThreadHierarchicalTestExecutorService.invokeAll(SameThreadHierarchicalTestExecutorService.java:38)
	at org.junit.platform.engine.support.hierarchical.NodeTestTask.lambda$executeRecursively$5(NodeTestTask.java:143)
	at org.junit.platform.engine.support.hierarchical.ThrowableCollector.execute(ThrowableCollector.java:73)
	at org.junit.platform.engine.support.hierarchical.NodeTestTask.lambda$executeRecursively$7(NodeTestTask.java:129)
	at org.junit.platform.engine.support.hierarchical.Node.around(Node.java:137)
	at org.junit.platform.engine.support.hierarchical.NodeTestTask.lambda$executeRecursively$8(NodeTestTask.java:127)
	at org.junit.platform.engine.support.hierarchical.ThrowableCollector.execute(ThrowableCollector.java:73)
	at org.junit.platform.engine.support.hierarchical.NodeTestTask.executeRecursively(NodeTestTask.java:126)
	at org.junit.platform.engine.support.hierarchical.NodeTestTask.execute(NodeTestTask.java:84)
	at org.junit.platform.engine.support.hierarchical.SameThreadHierarchicalTestExecutorService.submit(SameThreadHierarchicalTestExecutorService.java:32)
	at org.junit.platform.engine.support.hierarchical.HierarchicalTestExecutor.execute(HierarchicalTestExecutor.java:57)
	at org.junit.platform.engine.support.hierarchical.HierarchicalTestEngine.execute(HierarchicalTestEngine.java:51)
	at org.junit.platform.launcher.core.EngineExecutionOrchestrator.execute(EngineExecutionOrchestrator.java:108)
	at org.junit.platform.launcher.core.EngineExecutionOrchestrator.execute(EngineExecutionOrchestrator.java:88)
	at org.junit.platform.launcher.core.EngineExecutionOrchestrator.lambda$execute$0(EngineExecutionOrchestrator.java:54)
	at org.junit.platform.launcher.core.EngineExecutionOrchestrator.withInterceptedStreams(EngineExecutionOrchestrator.java:67)
	at org.junit.platform.launcher.core.EngineExecutionOrchestrator.execute(EngineExecutionOrchestrator.java:52)
	at org.junit.platform.launcher.core.DefaultLauncher.execute(DefaultLauncher.java:96)
	at org.junit.platform.launcher.core.DefaultLauncher.execute(DefaultLauncher.java:75)
	at org.apache.maven.surefire.junitplatform.JUnitPlatformProvider.execute(JUnitPlatformProvider.java:188)
	at org.apache.maven.surefire.junitplatform.JUnitPlatformProvider.invokeAllTests(JUnitPlatformProvider.java:154)
	at org.apache.maven.surefire.junitplatform.JUnitPlatformProvider.invoke(JUnitPlatformProvider.java:128)
	at org.apache.maven.surefire.booter.ForkedBooter.runSuitesInProcess(ForkedBooter.java:428)
	at org.apache.maven.surefire.booter.ForkedBooter.execute(ForkedBooter.java:162)
	at org.apache.maven.surefire.booter.ForkedBooter.run(ForkedBooter.java:562)
	at org.apache.maven.surefire.booter.ForkedBooter.main(ForkedBooter.java:548)
Caused by: java.lang.reflect.InvocationTargetException
	at java.base/jdk.internal.reflect.GeneratedConstructorAccessor17.newInstance(Unknown Source)
	at java.base/jdk.internal.reflect.DelegatingConstructorAccessorImpl.newInstance(DelegatingConstructorAccessorImpl.java:45)
	at java.base/java.lang.reflect.Constructor.newInstance(Constructor.java:490)
	at org.apache.tomcat.util.compat.Jre9Compat.jarFileNewInstance(Jre9Compat.java:206)
	... 94 more
Caused by: java.nio.file.NoSuchFileException: C:\Users\shado\.m2\repository\org\glassfish\jaxb\jaxb-runtime\2.3.1\txw2-2.3.1.jar
	at java.base/sun.nio.fs.WindowsException.translateToIOException(WindowsException.java:85)
	at java.base/sun.nio.fs.WindowsException.rethrowAsIOException(WindowsException.java:103)
	at java.base/sun.nio.fs.WindowsException.rethrowAsIOException(WindowsException.java:108)
	at java.base/sun.nio.fs.WindowsFileAttributeViews$Basic.readAttributes(WindowsFileAttributeViews.java:53)
	at java.base/sun.nio.fs.WindowsFileAttributeViews$Basic.readAttributes(WindowsFileAttributeViews.java:38)
	at java.base/sun.nio.fs.WindowsFileSystemProvider.readAttributes(WindowsFileSystemProvider.java:198)
	at java.base/java.nio.file.Files.readAttributes(Files.java:1763)
	at java.base/java.util.zip.ZipFile$Source.get(ZipFile.java:1225)
	at java.base/java.util.zip.ZipFile$CleanableResource.<init>(ZipFile.java:727)
	at java.base/java.util.zip.ZipFile$CleanableResource.get(ZipFile.java:844)
	at java.base/java.util.zip.ZipFile.<init>(ZipFile.java:247)
	at java.base/java.util.zip.ZipFile.<init>(ZipFile.java:177)
	at java.base/java.util.jar.JarFile.<init>(JarFile.java:348)
	... 98 more

Apr 16, 2021 2:14:55 PM org.apache.tomcat.util.scan.StandardJarScanner processURLs
WARNING: Failed to scan [file:/C:/Users/shado/.m2/repository/org/glassfish/jaxb/jaxb-runtime/2.3.1/istack-commons-runtime-3.0.7.jar] from classloader hierarchy
java.io.IOException: java.lang.reflect.InvocationTargetException
	at org.apache.tomcat.util.compat.Jre9Compat.jarFileNewInstance(Jre9Compat.java:209)
	at org.apache.tomcat.util.scan.JarFileUrlJar.<init>(JarFileUrlJar.java:65)
	at org.apache.tomcat.util.scan.JarFactory.newInstance(JarFactory.java:49)
	at org.apache.tomcat.util.scan.StandardJarScanner.process(StandardJarScanner.java:383)
	at org.apache.tomcat.util.scan.StandardJarScanner.processURLs(StandardJarScanner.java:318)
	at org.apache.tomcat.util.scan.StandardJarScanner.doScanClassPath(StandardJarScanner.java:282)
	at org.apache.tomcat.util.scan.StandardJarScanner.scan(StandardJarScanner.java:233)
	at org.apache.catalina.startup.ContextConfig.processJarsForWebFragments(ContextConfig.java:2135)
	at org.apache.catalina.startup.ContextConfig.webConfig(ContextConfig.java:1289)
	at org.apache.catalina.startup.ContextConfig.configureStart(ContextConfig.java:986)
	at org.apache.catalina.startup.ContextConfig.lifecycleEvent(ContextConfig.java:303)
	at org.apache.catalina.util.LifecycleBase.fireLifecycleEvent(LifecycleBase.java:123)
	at org.apache.catalina.core.StandardContext.startInternal(StandardContext.java:5082)
	at org.apache.catalina.util.LifecycleBase.start(LifecycleBase.java:183)
	at org.apache.catalina.core.ContainerBase$StartChild.call(ContainerBase.java:1384)
	at org.apache.catalina.core.ContainerBase$StartChild.call(ContainerBase.java:1374)
	at java.base/java.util.concurrent.FutureTask.run(FutureTask.java:264)
	at org.apache.tomcat.util.threads.InlineExecutorService.execute(InlineExecutorService.java:75)
	at java.base/java.util.concurrent.AbstractExecutorService.submit(AbstractExecutorService.java:140)
	at org.apache.catalina.core.ContainerBase.startInternal(ContainerBase.java:909)
	at org.apache.catalina.core.StandardHost.startInternal(StandardHost.java:843)
	at org.apache.catalina.util.LifecycleBase.start(LifecycleBase.java:183)
	at org.apache.catalina.core.ContainerBase$StartChild.call(ContainerBase.java:1384)
	at org.apache.catalina.core.ContainerBase$StartChild.call(ContainerBase.java:1374)
	at java.base/java.util.concurrent.FutureTask.run(FutureTask.java:264)
	at org.apache.tomcat.util.threads.InlineExecutorService.execute(InlineExecutorService.java:75)
	at java.base/java.util.concurrent.AbstractExecutorService.submit(AbstractExecutorService.java:140)
	at org.apache.catalina.core.ContainerBase.startInternal(ContainerBase.java:909)
	at org.apache.catalina.core.StandardEngine.startInternal(StandardEngine.java:262)
	at org.apache.catalina.util.LifecycleBase.start(LifecycleBase.java:183)
	at org.apache.catalina.core.StandardService.startInternal(StandardService.java:434)
	at org.apache.catalina.util.LifecycleBase.start(LifecycleBase.java:183)
	at org.apache.catalina.core.StandardServer.startInternal(StandardServer.java:930)
	at org.apache.catalina.util.LifecycleBase.start(LifecycleBase.java:183)
	at org.apache.catalina.startup.Tomcat.start(Tomcat.java:486)
	at common.TomcatStartUp.createTomcat(TomcatStartUp.java:20)
	at logic.AccountLogicTest.setUpBeforeClass(AccountLogicTest.java:36)
	at java.base/jdk.internal.reflect.NativeMethodAccessorImpl.invoke0(Native Method)
	at java.base/jdk.internal.reflect.NativeMethodAccessorImpl.invoke(NativeMethodAccessorImpl.java:62)
	at java.base/jdk.internal.reflect.DelegatingMethodAccessorImpl.invoke(DelegatingMethodAccessorImpl.java:43)
	at java.base/java.lang.reflect.Method.invoke(Method.java:566)
	at org.junit.platform.commons.util.ReflectionUtils.invokeMethod(ReflectionUtils.java:688)
	at org.junit.jupiter.engine.execution.MethodInvocation.proceed(MethodInvocation.java:60)
	at org.junit.jupiter.engine.execution.InvocationInterceptorChain$ValidatingInvocation.proceed(InvocationInterceptorChain.java:131)
	at org.junit.jupiter.engine.extension.TimeoutExtension.intercept(TimeoutExtension.java:149)
	at org.junit.jupiter.engine.extension.TimeoutExtension.interceptLifecycleMethod(TimeoutExtension.java:126)
	at org.junit.jupiter.engine.extension.TimeoutExtension.interceptBeforeAllMethod(TimeoutExtension.java:68)
	at org.junit.jupiter.engine.execution.ExecutableInvoker$ReflectiveInterceptorCall.lambda$ofVoidMethod$0(ExecutableInvoker.java:115)
	at org.junit.jupiter.engine.execution.ExecutableInvoker.lambda$invoke$0(ExecutableInvoker.java:105)
	at org.junit.jupiter.engine.execution.InvocationInterceptorChain$InterceptedInvocation.proceed(InvocationInterceptorChain.java:106)
	at org.junit.jupiter.engine.execution.InvocationInterceptorChain.proceed(InvocationInterceptorChain.java:64)
	at org.junit.jupiter.engine.execution.InvocationInterceptorChain.chainAndInvoke(InvocationInterceptorChain.java:45)
	at org.junit.jupiter.engine.execution.InvocationInterceptorChain.invoke(InvocationInterceptorChain.java:37)
	at org.junit.jupiter.engine.execution.ExecutableInvoker.invoke(ExecutableInvoker.java:104)
	at org.junit.jupiter.engine.execution.ExecutableInvoker.invoke(ExecutableInvoker.java:98)
	at org.junit.jupiter.engine.descriptor.ClassBasedTestDescriptor.lambda$invokeBeforeAllMethods$9(ClassBasedTestDescriptor.java:384)
	at org.junit.platform.engine.support.hierarchical.ThrowableCollector.execute(ThrowableCollector.java:73)
	at org.junit.jupiter.engine.descriptor.ClassBasedTestDescriptor.invokeBeforeAllMethods(ClassBasedTestDescriptor.java:382)
	at org.junit.jupiter.engine.descriptor.ClassBasedTestDescriptor.before(ClassBasedTestDescriptor.java:196)
	at org.junit.jupiter.engine.descriptor.ClassBasedTestDescriptor.before(ClassBasedTestDescriptor.java:78)
	at org.junit.platform.engine.support.hierarchical.NodeTestTask.lambda$executeRecursively$5(NodeTestTask.java:136)
	at org.junit.platform.engine.support.hierarchical.ThrowableCollector.execute(ThrowableCollector.java:73)
	at org.junit.platform.engine.support.hierarchical.NodeTestTask.lambda$executeRecursively$7(NodeTestTask.java:129)
	at org.junit.platform.engine.support.hierarchical.Node.around(Node.java:137)
	at org.junit.platform.engine.support.hierarchical.NodeTestTask.lambda$executeRecursively$8(NodeTestTask.java:127)
	at org.junit.platform.engine.support.hierarchical.ThrowableCollector.execute(ThrowableCollector.java:73)
	at org.junit.platform.engine.support.hierarchical.NodeTestTask.executeRecursively(NodeTestTask.java:126)
	at org.junit.platform.engine.support.hierarchical.NodeTestTask.execute(NodeTestTask.java:84)
	at java.base/java.util.ArrayList.forEach(ArrayList.java:1541)
	at org.junit.platform.engine.support.hierarchical.SameThreadHierarchicalTestExecutorService.invokeAll(SameThreadHierarchicalTestExecutorService.java:38)
	at org.junit.platform.engine.support.hierarchical.NodeTestTask.lambda$executeRecursively$5(NodeTestTask.java:143)
	at org.junit.platform.engine.support.hierarchical.ThrowableCollector.execute(ThrowableCollector.java:73)
	at org.junit.platform.engine.support.hierarchical.NodeTestTask.lambda$executeRecursively$7(NodeTestTask.java:129)
	at org.junit.platform.engine.support.hierarchical.Node.around(Node.java:137)
	at org.junit.platform.engine.support.hierarchical.NodeTestTask.lambda$executeRecursively$8(NodeTestTask.java:127)
	at org.junit.platform.engine.support.hierarchical.ThrowableCollector.execute(ThrowableCollector.java:73)
	at org.junit.platform.engine.support.hierarchical.NodeTestTask.executeRecursively(NodeTestTask.java:126)
	at org.junit.platform.engine.support.hierarchical.NodeTestTask.execute(NodeTestTask.java:84)
	at org.junit.platform.engine.support.hierarchical.SameThreadHierarchicalTestExecutorService.submit(SameThreadHierarchicalTestExecutorService.java:32)
	at org.junit.platform.engine.support.hierarchical.HierarchicalTestExecutor.execute(HierarchicalTestExecutor.java:57)
	at org.junit.platform.engine.support.hierarchical.HierarchicalTestEngine.execute(HierarchicalTestEngine.java:51)
	at org.junit.platform.launcher.core.EngineExecutionOrchestrator.execute(EngineExecutionOrchestrator.java:108)
	at org.junit.platform.launcher.core.EngineExecutionOrchestrator.execute(EngineExecutionOrchestrator.java:88)
	at org.junit.platform.launcher.core.EngineExecutionOrchestrator.lambda$execute$0(EngineExecutionOrchestrator.java:54)
	at org.junit.platform.launcher.core.EngineExecutionOrchestrator.withInterceptedStreams(EngineExecutionOrchestrator.java:67)
	at org.junit.platform.launcher.core.EngineExecutionOrchestrator.execute(EngineExecutionOrchestrator.java:52)
	at org.junit.platform.launcher.core.DefaultLauncher.execute(DefaultLauncher.java:96)
	at org.junit.platform.launcher.core.DefaultLauncher.execute(DefaultLauncher.java:75)
	at org.apache.maven.surefire.junitplatform.JUnitPlatformProvider.execute(JUnitPlatformProvider.java:188)
	at org.apache.maven.surefire.junitplatform.JUnitPlatformProvider.invokeAllTests(JUnitPlatformProvider.java:154)
	at org.apache.maven.surefire.junitplatform.JUnitPlatformProvider.invoke(JUnitPlatformProvider.java:128)
	at org.apache.maven.surefire.booter.ForkedBooter.runSuitesInProcess(ForkedBooter.java:428)
	at org.apache.maven.surefire.booter.ForkedBooter.execute(ForkedBooter.java:162)
	at org.apache.maven.surefire.booter.ForkedBooter.run(ForkedBooter.java:562)
	at org.apache.maven.surefire.booter.ForkedBooter.main(ForkedBooter.java:548)
Caused by: java.lang.reflect.InvocationTargetException
	at java.base/jdk.internal.reflect.GeneratedConstructorAccessor17.newInstance(Unknown Source)
	at java.base/jdk.internal.reflect.DelegatingConstructorAccessorImpl.newInstance(DelegatingConstructorAccessorImpl.java:45)
	at java.base/java.lang.reflect.Constructor.newInstance(Constructor.java:490)
	at org.apache.tomcat.util.compat.Jre9Compat.jarFileNewInstance(Jre9Compat.java:206)
	... 94 more
Caused by: java.nio.file.NoSuchFileException: C:\Users\shado\.m2\repository\org\glassfish\jaxb\jaxb-runtime\2.3.1\istack-commons-runtime-3.0.7.jar
	at java.base/sun.nio.fs.WindowsException.translateToIOException(WindowsException.java:85)
	at java.base/sun.nio.fs.WindowsException.rethrowAsIOException(WindowsException.java:103)
	at java.base/sun.nio.fs.WindowsException.rethrowAsIOException(WindowsException.java:108)
	at java.base/sun.nio.fs.WindowsFileAttributeViews$Basic.readAttributes(WindowsFileAttributeViews.java:53)
	at java.base/sun.nio.fs.WindowsFileAttributeViews$Basic.readAttributes(WindowsFileAttributeViews.java:38)
	at java.base/sun.nio.fs.WindowsFileSystemProvider.readAttributes(WindowsFileSystemProvider.java:198)
	at java.base/java.nio.file.Files.readAttributes(Files.java:1763)
	at java.base/java.util.zip.ZipFile$Source.get(ZipFile.java:1225)
	at java.base/java.util.zip.ZipFile$CleanableResource.<init>(ZipFile.java:727)
	at java.base/java.util.zip.ZipFile$CleanableResource.get(ZipFile.java:844)
	at java.base/java.util.zip.ZipFile.<init>(ZipFile.java:247)
	at java.base/java.util.zip.ZipFile.<init>(ZipFile.java:177)
	at java.base/java.util.jar.JarFile.<init>(JarFile.java:348)
	... 98 more

Apr 16, 2021 2:14:55 PM org.apache.tomcat.util.scan.StandardJarScanner processURLs
WARNING: Failed to scan [file:/C:/Users/shado/.m2/repository/org/glassfish/jaxb/jaxb-runtime/2.3.1/stax-ex-1.8.jar] from classloader hierarchy
java.io.IOException: java.lang.reflect.InvocationTargetException
	at org.apache.tomcat.util.compat.Jre9Compat.jarFileNewInstance(Jre9Compat.java:209)
	at org.apache.tomcat.util.scan.JarFileUrlJar.<init>(JarFileUrlJar.java:65)
	at org.apache.tomcat.util.scan.JarFactory.newInstance(JarFactory.java:49)
	at org.apache.tomcat.util.scan.StandardJarScanner.process(StandardJarScanner.java:383)
	at org.apache.tomcat.util.scan.StandardJarScanner.processURLs(StandardJarScanner.java:318)
	at org.apache.tomcat.util.scan.StandardJarScanner.doScanClassPath(StandardJarScanner.java:282)
	at org.apache.tomcat.util.scan.StandardJarScanner.scan(StandardJarScanner.java:233)
	at org.apache.catalina.startup.ContextConfig.processJarsForWebFragments(ContextConfig.java:2135)
	at org.apache.catalina.startup.ContextConfig.webConfig(ContextConfig.java:1289)
	at org.apache.catalina.startup.ContextConfig.configureStart(ContextConfig.java:986)
	at org.apache.catalina.startup.ContextConfig.lifecycleEvent(ContextConfig.java:303)
	at org.apache.catalina.util.LifecycleBase.fireLifecycleEvent(LifecycleBase.java:123)
	at org.apache.catalina.core.StandardContext.startInternal(StandardContext.java:5082)
	at org.apache.catalina.util.LifecycleBase.start(LifecycleBase.java:183)
	at org.apache.catalina.core.ContainerBase$StartChild.call(ContainerBase.java:1384)
	at org.apache.catalina.core.ContainerBase$StartChild.call(ContainerBase.java:1374)
	at java.base/java.util.concurrent.FutureTask.run(FutureTask.java:264)
	at org.apache.tomcat.util.threads.InlineExecutorService.execute(InlineExecutorService.java:75)
	at java.base/java.util.concurrent.AbstractExecutorService.submit(AbstractExecutorService.java:140)
	at org.apache.catalina.core.ContainerBase.startInternal(ContainerBase.java:909)
	at org.apache.catalina.core.StandardHost.startInternal(StandardHost.java:843)
	at org.apache.catalina.util.LifecycleBase.start(LifecycleBase.java:183)
	at org.apache.catalina.core.ContainerBase$StartChild.call(ContainerBase.java:1384)
	at org.apache.catalina.core.ContainerBase$StartChild.call(ContainerBase.java:1374)
	at java.base/java.util.concurrent.FutureTask.run(FutureTask.java:264)
	at org.apache.tomcat.util.threads.InlineExecutorService.execute(InlineExecutorService.java:75)
	at java.base/java.util.concurrent.AbstractExecutorService.submit(AbstractExecutorService.java:140)
	at org.apache.catalina.core.ContainerBase.startInternal(ContainerBase.java:909)
	at org.apache.catalina.core.StandardEngine.startInternal(StandardEngine.java:262)
	at org.apache.catalina.util.LifecycleBase.start(LifecycleBase.java:183)
	at org.apache.catalina.core.StandardService.startInternal(StandardService.java:434)
	at org.apache.catalina.util.LifecycleBase.start(LifecycleBase.java:183)
	at org.apache.catalina.core.StandardServer.startInternal(StandardServer.java:930)
	at org.apache.catalina.util.LifecycleBase.start(LifecycleBase.java:183)
	at org.apache.catalina.startup.Tomcat.start(Tomcat.java:486)
	at common.TomcatStartUp.createTomcat(TomcatStartUp.java:20)
	at logic.AccountLogicTest.setUpBeforeClass(AccountLogicTest.java:36)
	at java.base/jdk.internal.reflect.NativeMethodAccessorImpl.invoke0(Native Method)
	at java.base/jdk.internal.reflect.NativeMethodAccessorImpl.invoke(NativeMethodAccessorImpl.java:62)
	at java.base/jdk.internal.reflect.DelegatingMethodAccessorImpl.invoke(DelegatingMethodAccessorImpl.java:43)
	at java.base/java.lang.reflect.Method.invoke(Method.java:566)
	at org.junit.platform.commons.util.ReflectionUtils.invokeMethod(ReflectionUtils.java:688)
	at org.junit.jupiter.engine.execution.MethodInvocation.proceed(MethodInvocation.java:60)
	at org.junit.jupiter.engine.execution.InvocationInterceptorChain$ValidatingInvocation.proceed(InvocationInterceptorChain.java:131)
	at org.junit.jupiter.engine.extension.TimeoutExtension.intercept(TimeoutExtension.java:149)
	at org.junit.jupiter.engine.extension.TimeoutExtension.interceptLifecycleMethod(TimeoutExtension.java:126)
	at org.junit.jupiter.engine.extension.TimeoutExtension.interceptBeforeAllMethod(TimeoutExtension.java:68)
	at org.junit.jupiter.engine.execution.ExecutableInvoker$ReflectiveInterceptorCall.lambda$ofVoidMethod$0(ExecutableInvoker.java:115)
	at org.junit.jupiter.engine.execution.ExecutableInvoker.lambda$invoke$0(ExecutableInvoker.java:105)
	at org.junit.jupiter.engine.execution.InvocationInterceptorChain$InterceptedInvocation.proceed(InvocationInterceptorChain.java:106)
	at org.junit.jupiter.engine.execution.InvocationInterceptorChain.proceed(InvocationInterceptorChain.java:64)
	at org.junit.jupiter.engine.execution.InvocationInterceptorChain.chainAndInvoke(InvocationInterceptorChain.java:45)
	at org.junit.jupiter.engine.execution.InvocationInterceptorChain.invoke(InvocationInterceptorChain.java:37)
	at org.junit.jupiter.engine.execution.ExecutableInvoker.invoke(ExecutableInvoker.java:104)
	at org.junit.jupiter.engine.execution.ExecutableInvoker.invoke(ExecutableInvoker.java:98)
	at org.junit.jupiter.engine.descriptor.ClassBasedTestDescriptor.lambda$invokeBeforeAllMethods$9(ClassBasedTestDescriptor.java:384)
	at org.junit.platform.engine.support.hierarchical.ThrowableCollector.execute(ThrowableCollector.java:73)
	at org.junit.jupiter.engine.descriptor.ClassBasedTestDescriptor.invokeBeforeAllMethods(ClassBasedTestDescriptor.java:382)
	at org.junit.jupiter.engine.descriptor.ClassBasedTestDescriptor.before(ClassBasedTestDescriptor.java:196)
	at org.junit.jupiter.engine.descriptor.ClassBasedTestDescriptor.before(ClassBasedTestDescriptor.java:78)
	at org.junit.platform.engine.support.hierarchical.NodeTestTask.lambda$executeRecursively$5(NodeTestTask.java:136)
	at org.junit.platform.engine.support.hierarchical.ThrowableCollector.execute(ThrowableCollector.java:73)
	at org.junit.platform.engine.support.hierarchical.NodeTestTask.lambda$executeRecursively$7(NodeTestTask.java:129)
	at org.junit.platform.engine.support.hierarchical.Node.around(Node.java:137)
	at org.junit.platform.engine.support.hierarchical.NodeTestTask.lambda$executeRecursively$8(NodeTestTask.java:127)
	at org.junit.platform.engine.support.hierarchical.ThrowableCollector.execute(ThrowableCollector.java:73)
	at org.junit.platform.engine.support.hierarchical.NodeTestTask.executeRecursively(NodeTestTask.java:126)
	at org.junit.platform.engine.support.hierarchical.NodeTestTask.execute(NodeTestTask.java:84)
	at java.base/java.util.ArrayList.forEach(ArrayList.java:1541)
	at org.junit.platform.engine.support.hierarchical.SameThreadHierarchicalTestExecutorService.invokeAll(SameThreadHierarchicalTestExecutorService.java:38)
	at org.junit.platform.engine.support.hierarchical.NodeTestTask.lambda$executeRecursively$5(NodeTestTask.java:143)
	at org.junit.platform.engine.support.hierarchical.ThrowableCollector.execute(ThrowableCollector.java:73)
	at org.junit.platform.engine.support.hierarchical.NodeTestTask.lambda$executeRecursively$7(NodeTestTask.java:129)
	at org.junit.platform.engine.support.hierarchical.Node.around(Node.java:137)
	at org.junit.platform.engine.support.hierarchical.NodeTestTask.lambda$executeRecursively$8(NodeTestTask.java:127)
	at org.junit.platform.engine.support.hierarchical.ThrowableCollector.execute(ThrowableCollector.java:73)
	at org.junit.platform.engine.support.hierarchical.NodeTestTask.executeRecursively(NodeTestTask.java:126)
	at org.junit.platform.engine.support.hierarchical.NodeTestTask.execute(NodeTestTask.java:84)
	at org.junit.platform.engine.support.hierarchical.SameThreadHierarchicalTestExecutorService.submit(SameThreadHierarchicalTestExecutorService.java:32)
	at org.junit.platform.engine.support.hierarchical.HierarchicalTestExecutor.execute(HierarchicalTestExecutor.java:57)
	at org.junit.platform.engine.support.hierarchical.HierarchicalTestEngine.execute(HierarchicalTestEngine.java:51)
	at org.junit.platform.launcher.core.EngineExecutionOrchestrator.execute(EngineExecutionOrchestrator.java:108)
	at org.junit.platform.launcher.core.EngineExecutionOrchestrator.execute(EngineExecutionOrchestrator.java:88)
	at org.junit.platform.launcher.core.EngineExecutionOrchestrator.lambda$execute$0(EngineExecutionOrchestrator.java:54)
	at org.junit.platform.launcher.core.EngineExecutionOrchestrator.withInterceptedStreams(EngineExecutionOrchestrator.java:67)
	at org.junit.platform.launcher.core.EngineExecutionOrchestrator.execute(EngineExecutionOrchestrator.java:52)
	at org.junit.platform.launcher.core.DefaultLauncher.execute(DefaultLauncher.java:96)
	at org.junit.platform.launcher.core.DefaultLauncher.execute(DefaultLauncher.java:75)
	at org.apache.maven.surefire.junitplatform.JUnitPlatformProvider.execute(JUnitPlatformProvider.java:188)
	at org.apache.maven.surefire.junitplatform.JUnitPlatformProvider.invokeAllTests(JUnitPlatformProvider.java:154)
	at org.apache.maven.surefire.junitplatform.JUnitPlatformProvider.invoke(JUnitPlatformProvider.java:128)
	at org.apache.maven.surefire.booter.ForkedBooter.runSuitesInProcess(ForkedBooter.java:428)
	at org.apache.maven.surefire.booter.ForkedBooter.execute(ForkedBooter.java:162)
	at org.apache.maven.surefire.booter.ForkedBooter.run(ForkedBooter.java:562)
	at org.apache.maven.surefire.booter.ForkedBooter.main(ForkedBooter.java:548)
Caused by: java.lang.reflect.InvocationTargetException
	at java.base/jdk.internal.reflect.GeneratedConstructorAccessor17.newInstance(Unknown Source)
	at java.base/jdk.internal.reflect.DelegatingConstructorAccessorImpl.newInstance(DelegatingConstructorAccessorImpl.java:45)
	at java.base/java.lang.reflect.Constructor.newInstance(Constructor.java:490)
	at org.apache.tomcat.util.compat.Jre9Compat.jarFileNewInstance(Jre9Compat.java:206)
	... 94 more
Caused by: java.nio.file.NoSuchFileException: C:\Users\shado\.m2\repository\org\glassfish\jaxb\jaxb-runtime\2.3.1\stax-ex-1.8.jar
	at java.base/sun.nio.fs.WindowsException.translateToIOException(WindowsException.java:85)
	at java.base/sun.nio.fs.WindowsException.rethrowAsIOException(WindowsException.java:103)
	at java.base/sun.nio.fs.WindowsException.rethrowAsIOException(WindowsException.java:108)
	at java.base/sun.nio.fs.WindowsFileAttributeViews$Basic.readAttributes(WindowsFileAttributeViews.java:53)
	at java.base/sun.nio.fs.WindowsFileAttributeViews$Basic.readAttributes(WindowsFileAttributeViews.java:38)
	at java.base/sun.nio.fs.WindowsFileSystemProvider.readAttributes(WindowsFileSystemProvider.java:198)
	at java.base/java.nio.file.Files.readAttributes(Files.java:1763)
	at java.base/java.util.zip.ZipFile$Source.get(ZipFile.java:1225)
	at java.base/java.util.zip.ZipFile$CleanableResource.<init>(ZipFile.java:727)
	at java.base/java.util.zip.ZipFile$CleanableResource.get(ZipFile.java:844)
	at java.base/java.util.zip.ZipFile.<init>(ZipFile.java:247)
	at java.base/java.util.zip.ZipFile.<init>(ZipFile.java:177)
	at java.base/java.util.jar.JarFile.<init>(JarFile.java:348)
	... 98 more

Apr 16, 2021 2:14:55 PM org.apache.tomcat.util.scan.StandardJarScanner processURLs
WARNING: Failed to scan [file:/C:/Users/shado/.m2/repository/org/glassfish/jaxb/jaxb-runtime/2.3.1/FastInfoset-1.2.15.jar] from classloader hierarchy
java.io.IOException: java.lang.reflect.InvocationTargetException
	at org.apache.tomcat.util.compat.Jre9Compat.jarFileNewInstance(Jre9Compat.java:209)
	at org.apache.tomcat.util.scan.JarFileUrlJar.<init>(JarFileUrlJar.java:65)
	at org.apache.tomcat.util.scan.JarFactory.newInstance(JarFactory.java:49)
	at org.apache.tomcat.util.scan.StandardJarScanner.process(StandardJarScanner.java:383)
	at org.apache.tomcat.util.scan.StandardJarScanner.processURLs(StandardJarScanner.java:318)
	at org.apache.tomcat.util.scan.StandardJarScanner.doScanClassPath(StandardJarScanner.java:282)
	at org.apache.tomcat.util.scan.StandardJarScanner.scan(StandardJarScanner.java:233)
	at org.apache.catalina.startup.ContextConfig.processJarsForWebFragments(ContextConfig.java:2135)
	at org.apache.catalina.startup.ContextConfig.webConfig(ContextConfig.java:1289)
	at org.apache.catalina.startup.ContextConfig.configureStart(ContextConfig.java:986)
	at org.apache.catalina.startup.ContextConfig.lifecycleEvent(ContextConfig.java:303)
	at org.apache.catalina.util.LifecycleBase.fireLifecycleEvent(LifecycleBase.java:123)
	at org.apache.catalina.core.StandardContext.startInternal(StandardContext.java:5082)
	at org.apache.catalina.util.LifecycleBase.start(LifecycleBase.java:183)
	at org.apache.catalina.core.ContainerBase$StartChild.call(ContainerBase.java:1384)
	at org.apache.catalina.core.ContainerBase$StartChild.call(ContainerBase.java:1374)
	at java.base/java.util.concurrent.FutureTask.run(FutureTask.java:264)
	at org.apache.tomcat.util.threads.InlineExecutorService.execute(InlineExecutorService.java:75)
	at java.base/java.util.concurrent.AbstractExecutorService.submit(AbstractExecutorService.java:140)
	at org.apache.catalina.core.ContainerBase.startInternal(ContainerBase.java:909)
	at org.apache.catalina.core.StandardHost.startInternal(StandardHost.java:843)
	at org.apache.catalina.util.LifecycleBase.start(LifecycleBase.java:183)
	at org.apache.catalina.core.ContainerBase$StartChild.call(ContainerBase.java:1384)
	at org.apache.catalina.core.ContainerBase$StartChild.call(ContainerBase.java:1374)
	at java.base/java.util.concurrent.FutureTask.run(FutureTask.java:264)
	at org.apache.tomcat.util.threads.InlineExecutorService.execute(InlineExecutorService.java:75)
	at java.base/java.util.concurrent.AbstractExecutorService.submit(AbstractExecutorService.java:140)
	at org.apache.catalina.core.ContainerBase.startInternal(ContainerBase.java:909)
	at org.apache.catalina.core.StandardEngine.startInternal(StandardEngine.java:262)
	at org.apache.catalina.util.LifecycleBase.start(LifecycleBase.java:183)
	at org.apache.catalina.core.StandardService.startInternal(StandardService.java:434)
	at org.apache.catalina.util.LifecycleBase.start(LifecycleBase.java:183)
	at org.apache.catalina.core.StandardServer.startInternal(StandardServer.java:930)
	at org.apache.catalina.util.LifecycleBase.start(LifecycleBase.java:183)
	at org.apache.catalina.startup.Tomcat.start(Tomcat.java:486)
	at common.TomcatStartUp.createTomcat(TomcatStartUp.java:20)
	at logic.AccountLogicTest.setUpBeforeClass(AccountLogicTest.java:36)
	at java.base/jdk.internal.reflect.NativeMethodAccessorImpl.invoke0(Native Method)
	at java.base/jdk.internal.reflect.NativeMethodAccessorImpl.invoke(NativeMethodAccessorImpl.java:62)
	at java.base/jdk.internal.reflect.DelegatingMethodAccessorImpl.invoke(DelegatingMethodAccessorImpl.java:43)
	at java.base/java.lang.reflect.Method.invoke(Method.java:566)
	at org.junit.platform.commons.util.ReflectionUtils.invokeMethod(ReflectionUtils.java:688)
	at org.junit.jupiter.engine.execution.MethodInvocation.proceed(MethodInvocation.java:60)
	at org.junit.jupiter.engine.execution.InvocationInterceptorChain$ValidatingInvocation.proceed(InvocationInterceptorChain.java:131)
	at org.junit.jupiter.engine.extension.TimeoutExtension.intercept(TimeoutExtension.java:149)
	at org.junit.jupiter.engine.extension.TimeoutExtension.interceptLifecycleMethod(TimeoutExtension.java:126)
	at org.junit.jupiter.engine.extension.TimeoutExtension.interceptBeforeAllMethod(TimeoutExtension.java:68)
	at org.junit.jupiter.engine.execution.ExecutableInvoker$ReflectiveInterceptorCall.lambda$ofVoidMethod$0(ExecutableInvoker.java:115)
	at org.junit.jupiter.engine.execution.ExecutableInvoker.lambda$invoke$0(ExecutableInvoker.java:105)
	at org.junit.jupiter.engine.execution.InvocationInterceptorChain$InterceptedInvocation.proceed(InvocationInterceptorChain.java:106)
	at org.junit.jupiter.engine.execution.InvocationInterceptorChain.proceed(InvocationInterceptorChain.java:64)
	at org.junit.jupiter.engine.execution.InvocationInterceptorChain.chainAndInvoke(InvocationInterceptorChain.java:45)
	at org.junit.jupiter.engine.execution.InvocationInterceptorChain.invoke(InvocationInterceptorChain.java:37)
	at org.junit.jupiter.engine.execution.ExecutableInvoker.invoke(ExecutableInvoker.java:104)
	at org.junit.jupiter.engine.execution.ExecutableInvoker.invoke(ExecutableInvoker.java:98)
	at org.junit.jupiter.engine.descriptor.ClassBasedTestDescriptor.lambda$invokeBeforeAllMethods$9(ClassBasedTestDescriptor.java:384)
	at org.junit.platform.engine.support.hierarchical.ThrowableCollector.execute(ThrowableCollector.java:73)
	at org.junit.jupiter.engine.descriptor.ClassBasedTestDescriptor.invokeBeforeAllMethods(ClassBasedTestDescriptor.java:382)
	at org.junit.jupiter.engine.descriptor.ClassBasedTestDescriptor.before(ClassBasedTestDescriptor.java:196)
	at org.junit.jupiter.engine.descriptor.ClassBasedTestDescriptor.before(ClassBasedTestDescriptor.java:78)
	at org.junit.platform.engine.support.hierarchical.NodeTestTask.lambda$executeRecursively$5(NodeTestTask.java:136)
	at org.junit.platform.engine.support.hierarchical.ThrowableCollector.execute(ThrowableCollector.java:73)
	at org.junit.platform.engine.support.hierarchical.NodeTestTask.lambda$executeRecursively$7(NodeTestTask.java:129)
	at org.junit.platform.engine.support.hierarchical.Node.around(Node.java:137)
	at org.junit.platform.engine.support.hierarchical.NodeTestTask.lambda$executeRecursively$8(NodeTestTask.java:127)
	at org.junit.platform.engine.support.hierarchical.ThrowableCollector.execute(ThrowableCollector.java:73)
	at org.junit.platform.engine.support.hierarchical.NodeTestTask.executeRecursively(NodeTestTask.java:126)
	at org.junit.platform.engine.support.hierarchical.NodeTestTask.execute(NodeTestTask.java:84)
	at java.base/java.util.ArrayList.forEach(ArrayList.java:1541)
	at org.junit.platform.engine.support.hierarchical.SameThreadHierarchicalTestExecutorService.invokeAll(SameThreadHierarchicalTestExecutorService.java:38)
	at org.junit.platform.engine.support.hierarchical.NodeTestTask.lambda$executeRecursively$5(NodeTestTask.java:143)
	at org.junit.platform.engine.support.hierarchical.ThrowableCollector.execute(ThrowableCollector.java:73)
	at org.junit.platform.engine.support.hierarchical.NodeTestTask.lambda$executeRecursively$7(NodeTestTask.java:129)
	at org.junit.platform.engine.support.hierarchical.Node.around(Node.java:137)
	at org.junit.platform.engine.support.hierarchical.NodeTestTask.lambda$executeRecursively$8(NodeTestTask.java:127)
	at org.junit.platform.engine.support.hierarchical.ThrowableCollector.execute(ThrowableCollector.java:73)
	at org.junit.platform.engine.support.hierarchical.NodeTestTask.executeRecursively(NodeTestTask.java:126)
	at org.junit.platform.engine.support.hierarchical.NodeTestTask.execute(NodeTestTask.java:84)
	at org.junit.platform.engine.support.hierarchical.SameThreadHierarchicalTestExecutorService.submit(SameThreadHierarchicalTestExecutorService.java:32)
	at org.junit.platform.engine.support.hierarchical.HierarchicalTestExecutor.execute(HierarchicalTestExecutor.java:57)
	at org.junit.platform.engine.support.hierarchical.HierarchicalTestEngine.execute(HierarchicalTestEngine.java:51)
	at org.junit.platform.launcher.core.EngineExecutionOrchestrator.execute(EngineExecutionOrchestrator.java:108)
	at org.junit.platform.launcher.core.EngineExecutionOrchestrator.execute(EngineExecutionOrchestrator.java:88)
	at org.junit.platform.launcher.core.EngineExecutionOrchestrator.lambda$execute$0(EngineExecutionOrchestrator.java:54)
	at org.junit.platform.launcher.core.EngineExecutionOrchestrator.withInterceptedStreams(EngineExecutionOrchestrator.java:67)
	at org.junit.platform.launcher.core.EngineExecutionOrchestrator.execute(EngineExecutionOrchestrator.java:52)
	at org.junit.platform.launcher.core.DefaultLauncher.execute(DefaultLauncher.java:96)
	at org.junit.platform.launcher.core.DefaultLauncher.execute(DefaultLauncher.java:75)
	at org.apache.maven.surefire.junitplatform.JUnitPlatformProvider.execute(JUnitPlatformProvider.java:188)
	at org.apache.maven.surefire.junitplatform.JUnitPlatformProvider.invokeAllTests(JUnitPlatformProvider.java:154)
	at org.apache.maven.surefire.junitplatform.JUnitPlatformProvider.invoke(JUnitPlatformProvider.java:128)
	at org.apache.maven.surefire.booter.ForkedBooter.runSuitesInProcess(ForkedBooter.java:428)
	at org.apache.maven.surefire.booter.ForkedBooter.execute(ForkedBooter.java:162)
	at org.apache.maven.surefire.booter.ForkedBooter.run(ForkedBooter.java:562)
	at org.apache.maven.surefire.booter.ForkedBooter.main(ForkedBooter.java:548)
Caused by: java.lang.reflect.InvocationTargetException
	at java.base/jdk.internal.reflect.GeneratedConstructorAccessor17.newInstance(Unknown Source)
	at java.base/jdk.internal.reflect.DelegatingConstructorAccessorImpl.newInstance(DelegatingConstructorAccessorImpl.java:45)
	at java.base/java.lang.reflect.Constructor.newInstance(Constructor.java:490)
	at org.apache.tomcat.util.compat.Jre9Compat.jarFileNewInstance(Jre9Compat.java:206)
	... 94 more
Caused by: java.nio.file.NoSuchFileException: C:\Users\shado\.m2\repository\org\glassfish\jaxb\jaxb-runtime\2.3.1\FastInfoset-1.2.15.jar
	at java.base/sun.nio.fs.WindowsException.translateToIOException(WindowsException.java:85)
	at java.base/sun.nio.fs.WindowsException.rethrowAsIOException(WindowsException.java:103)
	at java.base/sun.nio.fs.WindowsException.rethrowAsIOException(WindowsException.java:108)
	at java.base/sun.nio.fs.WindowsFileAttributeViews$Basic.readAttributes(WindowsFileAttributeViews.java:53)
	at java.base/sun.nio.fs.WindowsFileAttributeViews$Basic.readAttributes(WindowsFileAttributeViews.java:38)
	at java.base/sun.nio.fs.WindowsFileSystemProvider.readAttributes(WindowsFileSystemProvider.java:198)
	at java.base/java.nio.file.Files.readAttributes(Files.java:1763)
	at java.base/java.util.zip.ZipFile$Source.get(ZipFile.java:1225)
	at java.base/java.util.zip.ZipFile$CleanableResource.<init>(ZipFile.java:727)
[...]
    <system-out><![CDATA[2021-04-16T14:15:01,071|[DEBUG] EMFactory - getting EntityManagerFactory
2021-04-16T14:15:01,071|[DEBUG] EMFactory - initializeing EntityManagerFactory
2021-04-16T14:15:01,072|[DEBUG] SQL - 
    /* insert entity.Account
        */ insert 
        into
            simplebloodbank.account
            (name, nickname, password, username) 
        values
            (?, ?, ?, ?)
2021-04-16T14:15:01,072|[TRACE] BasicBinder - binding parameter [1] as [VARCHAR] - [Junit 5 Test]
2021-04-16T14:15:01,073|[TRACE] BasicBinder - binding parameter [2] as [VARCHAR] - [jay]
2021-04-16T14:15:01,073|[TRACE] BasicBinder - binding parameter [3] as [VARCHAR] - [junit5]
2021-04-16T14:15:01,073|[TRACE] BasicBinder - binding parameter [4] as [VARCHAR] - [junit]
2021-04-16T14:15:01,081|[DEBUG] EMFactory - getting EntityManagerFactory
2021-04-16T14:15:01,081|[DEBUG] EMFactory - initializeing EntityManagerFactory
2021-04-16T14:15:01,082|[DEBUG] SQL - 
    /* Account.findAll */ select
        account0_.id as id1_0_,
        account0_.name as name2_0_,
        account0_.nickname as nickname3_0_,
        account0_.password as password4_0_,
        account0_.username as username5_0_ 
    from
        simplebloodbank.account account0_
2021-04-16T14:15:01,083|[TRACE] BasicExtractor - extracted value ([id1_0_] : [INTEGER]) - [12]
2021-04-16T14:15:01,083|[TRACE] BasicExtractor - extracted value ([name2_0_] : [VARCHAR]) - [Junit 5 Test]
2021-04-16T14:15:01,083|[TRACE] BasicExtractor - extracted value ([nickname3_0_] : [VARCHAR]) - [jay]
2021-04-16T14:15:01,083|[TRACE] BasicExtractor - extracted value ([password4_0_] : [VARCHAR]) - [junit5]
2021-04-16T14:15:01,083|[TRACE] BasicExtractor - extracted value ([username5_0_] : [VARCHAR]) - [junit]
2021-04-16T14:15:01,084|[DEBUG] EMFactory - getting EntityManagerFactory
2021-04-16T14:15:01,084|[DEBUG] EMFactory - initializeing EntityManagerFactory
2021-04-16T14:15:01,108|[DEBUG] SQL - 
    /* load entity.Account */ select
        account0_.id as id1_0_0_,
        account0_.name as name2_0_0_,
        account0_.nickname as nickname3_0_0_,
        account0_.password as password4_0_0_,
        account0_.username as username5_0_0_ 
    from
        simplebloodbank.account account0_ 
    where
        account0_.id=?
2021-04-16T14:15:01,108|[TRACE] BasicBinder - binding parameter [1] as [INTEGER] - [12]
2021-04-16T14:15:01,110|[TRACE] BasicExtractor - extracted value ([name2_0_0_] : [VARCHAR]) - [Junit 5 Test]
2021-04-16T14:15:01,110|[TRACE] BasicExtractor - extracted value ([nickname3_0_0_] : [VARCHAR]) - [jay]
2021-04-16T14:15:01,111|[TRACE] BasicExtractor - extracted value ([password4_0_0_] : [VARCHAR]) - [junit5]
2021-04-16T14:15:01,111|[TRACE] BasicExtractor - extracted value ([username5_0_0_] : [VARCHAR]) - [junit]
2021-04-16T14:15:01,111|[DEBUG] SQL - 
    /* delete entity.Account */ delete 
        from
            simplebloodbank.account 
        where
            id=?
2021-04-16T14:15:01,112|[TRACE] BasicBinder - binding parameter [1] as [INTEGER] - [12]
2021-04-16T14:15:01,120|[DEBUG] EMFactory - getting EntityManagerFactory
2021-04-16T14:15:01,120|[DEBUG] EMFactory - initializeing EntityManagerFactory
2021-04-16T14:15:01,121|[DEBUG] SQL - 
    /* Account.findAll */ select
        account0_.id as id1_0_,
        account0_.name as name2_0_,
        account0_.nickname as nickname3_0_,
        account0_.password as password4_0_,
        account0_.username as username5_0_ 
    from
        simplebloodbank.account account0_
2021-04-16T14:15:01,123|[DEBUG] EMFactory - getting EntityManagerFactory
2021-04-16T14:15:01,123|[DEBUG] EMFactory - initializeing EntityManagerFactory
2021-04-16T14:15:01,143|[DEBUG] SQL - 
    /* load entity.Account */ select
        account0_.id as id1_0_0_,
        account0_.name as name2_0_0_,
        account0_.nickname as nickname3_0_0_,
        account0_.password as password4_0_0_,
        account0_.username as username5_0_0_ 
    from
        simplebloodbank.account account0_ 
    where
        account0_.id=?
2021-04-16T14:15:01,143|[TRACE] BasicBinder - binding parameter [1] as [INTEGER] - [12]
2021-04-16T14:15:01,145|[DEBUG] SQL - 
    /* insert entity.Account
        */ insert 
        into
            simplebloodbank.account
            (name, nickname, password, username) 
        values
            (?, ?, ?, ?)
2021-04-16T14:15:01,145|[TRACE] BasicBinder - binding parameter [1] as [VARCHAR] - [Junit 5 Test]
2021-04-16T14:15:01,145|[TRACE] BasicBinder - binding parameter [2] as [VARCHAR] - [jay]
2021-04-16T14:15:01,145|[TRACE] BasicBinder - binding parameter [3] as [VARCHAR] - [junit5]
2021-04-16T14:15:01,145|[TRACE] BasicBinder - binding parameter [4] as [VARCHAR] - [junit]
2021-04-16T14:15:01,147|[DEBUG] SQL - 
    /* delete entity.Account */ delete 
        from
            simplebloodbank.account 
        where
            id=?
2021-04-16T14:15:01,147|[TRACE] BasicBinder - binding parameter [1] as [INTEGER] - [13]
]]></system-out>
  </testcase>
  <testcase name="testGetColumnCodes" classname="logic.AccountLogicTest" time="0.024">
    <system-out><![CDATA[2021-04-16T14:15:01,156|[DEBUG] EMFactory - getting EntityManagerFactory
2021-04-16T14:15:01,156|[DEBUG] EMFactory - initializeing EntityManagerFactory
2021-04-16T14:15:01,156|[DEBUG] SQL - 
    /* insert entity.Account
        */ insert 
        into
            simplebloodbank.account
            (name, nickname, password, username) 
        values
            (?, ?, ?, ?)
2021-04-16T14:15:01,157|[TRACE] BasicBinder - binding parameter [1] as [VARCHAR] - [Junit 5 Test]
2021-04-16T14:15:01,157|[TRACE] BasicBinder - binding parameter [2] as [VARCHAR] - [jay]
2021-04-16T14:15:01,157|[TRACE] BasicBinder - binding parameter [3] as [VARCHAR] - [junit5]
2021-04-16T14:15:01,157|[TRACE] BasicBinder - binding parameter [4] as [VARCHAR] - [junit]
2021-04-16T14:15:01,167|[DEBUG] EMFactory - getting EntityManagerFactory
2021-04-16T14:15:01,167|[DEBUG] EMFactory - initializeing EntityManagerFactory
2021-04-16T14:15:01,168|[DEBUG] SQL - 
    /* load entity.Account */ select
        account0_.id as id1_0_0_,
        account0_.name as name2_0_0_,
        account0_.nickname as nickname3_0_0_,
        account0_.password as password4_0_0_,
        account0_.username as username5_0_0_ 
    from
        simplebloodbank.account account0_ 
    where
        account0_.id=?
2021-04-16T14:15:01,168|[TRACE] BasicBinder - binding parameter [1] as [INTEGER] - [14]
2021-04-16T14:15:01,169|[TRACE] BasicExtractor - extracted value ([name2_0_0_] : [VARCHAR]) - [Junit 5 Test]
2021-04-16T14:15:01,170|[TRACE] BasicExtractor - extracted value ([nickname3_0_0_] : [VARCHAR]) - [jay]
2021-04-16T14:15:01,170|[TRACE] BasicExtractor - extracted value ([password4_0_0_] : [VARCHAR]) - [junit5]
2021-04-16T14:15:01,170|[TRACE] BasicExtractor - extracted value ([username5_0_0_] : [VARCHAR]) - [junit]
2021-04-16T14:15:01,170|[DEBUG] SQL - 
    /* delete entity.Account */ delete 
        from
            simplebloodbank.account 
        where
            id=?
2021-04-16T14:15:01,171|[TRACE] BasicBinder - binding parameter [1] as [INTEGER] - [14]
]]></system-out>
  </testcase>
  <testcase name="testGetColumnNames" classname="logic.AccountLogicTest" time="0.022">
    <system-out><![CDATA[2021-04-16T14:15:01,180|[DEBUG] EMFactory - getting EntityManagerFactory
2021-04-16T14:15:01,180|[DEBUG] EMFactory - initializeing EntityManagerFactory
2021-04-16T14:15:01,181|[DEBUG] SQL - 
    /* insert entity.Account
        */ insert 
        into
            simplebloodbank.account
            (name, nickname, password, username) 
        values
            (?, ?, ?, ?)
2021-04-16T14:15:01,181|[TRACE] BasicBinder - binding parameter [1] as [VARCHAR] - [Junit 5 Test]
2021-04-16T14:15:01,181|[TRACE] BasicBinder - binding parameter [2] as [VARCHAR] - [jay]
2021-04-16T14:15:01,181|[TRACE] BasicBinder - binding parameter [3] as [VARCHAR] - [junit5]
2021-04-16T14:15:01,181|[TRACE] BasicBinder - binding parameter [4] as [VARCHAR] - [junit]
2021-04-16T14:15:01,189|[DEBUG] EMFactory - getting EntityManagerFactory
2021-04-16T14:15:01,189|[DEBUG] EMFactory - initializeing EntityManagerFactory
2021-04-16T14:15:01,190|[DEBUG] SQL - 
    /* load entity.Account */ select
        account0_.id as id1_0_0_,
        account0_.name as name2_0_0_,
        account0_.nickname as nickname3_0_0_,
        account0_.password as password4_0_0_,
        account0_.username as username5_0_0_ 
    from
        simplebloodbank.account account0_ 
    where
        account0_.id=?
2021-04-16T14:15:01,190|[TRACE] BasicBinder - binding parameter [1] as [INTEGER] - [15]
2021-04-16T14:15:01,192|[TRACE] BasicExtractor - extracted value ([name2_0_0_] : [VARCHAR]) - [Junit 5 Test]
2021-04-16T14:15:01,192|[TRACE] BasicExtractor - extracted value ([nickname3_0_0_] : [VARCHAR]) - [jay]
2021-04-16T14:15:01,192|[TRACE] BasicExtractor - extracted value ([password4_0_0_] : [VARCHAR]) - [junit5]
2021-04-16T14:15:01,192|[TRACE] BasicExtractor - extracted value ([username5_0_0_] : [VARCHAR]) - [junit]
2021-04-16T14:15:01,193|[DEBUG] SQL - 
    /* delete entity.Account */ delete 
        from
            simplebloodbank.account 
        where
            id=?
2021-04-16T14:15:01,193|[TRACE] BasicBinder - binding parameter [1] as [INTEGER] - [15]
]]></system-out>
  </testcase>
  <testcase name="testGetWithId" classname="logic.AccountLogicTest" time="0.042">
    <system-out><![CDATA[2021-04-16T14:15:01,202|[DEBUG] EMFactory - getting EntityManagerFactory
2021-04-16T14:15:01,202|[DEBUG] EMFactory - initializeing EntityManagerFactory
2021-04-16T14:15:01,203|[DEBUG] SQL - 
    /* insert entity.Account
        */ insert 
        into
            simplebloodbank.account
            (name, nickname, password, username) 
        values
            (?, ?, ?, ?)
2021-04-16T14:15:01,204|[TRACE] BasicBinder - binding parameter [1] as [VARCHAR] - [Junit 5 Test]
2021-04-16T14:15:01,204|[TRACE] BasicBinder - binding parameter [2] as [VARCHAR] - [jay]
2021-04-16T14:15:01,204|[TRACE] BasicBinder - binding parameter [3] as [VARCHAR] - [junit5]
2021-04-16T14:15:01,204|[TRACE] BasicBinder - binding parameter [4] as [VARCHAR] - [junit]
2021-04-16T14:15:01,212|[DEBUG] EMFactory - getting EntityManagerFactory
2021-04-16T14:15:01,212|[DEBUG] EMFactory - initializeing EntityManagerFactory
2021-04-16T14:15:01,213|[DEBUG] SQL - 
    /* Account.findById */ select
        account0_.id as id1_0_,
        account0_.name as name2_0_,
        account0_.nickname as nickname3_0_,
        account0_.password as password4_0_,
        account0_.username as username5_0_ 
    from
        simplebloodbank.account account0_ 
    where
        account0_.id=?
2021-04-16T14:15:01,214|[TRACE] BasicBinder - binding parameter [1] as [INTEGER] - [16]
2021-04-16T14:15:01,215|[TRACE] BasicExtractor - extracted value ([id1_0_] : [INTEGER]) - [16]
2021-04-16T14:15:01,215|[TRACE] BasicExtractor - extracted value ([name2_0_] : [VARCHAR]) - [Junit 5 Test]
2021-04-16T14:15:01,215|[TRACE] BasicExtractor - extracted value ([nickname3_0_] : [VARCHAR]) - [jay]
2021-04-16T14:15:01,215|[TRACE] BasicExtractor - extracted value ([password4_0_] : [VARCHAR]) - [junit5]
2021-04-16T14:15:01,215|[TRACE] BasicExtractor - extracted value ([username5_0_] : [VARCHAR]) - [junit]
2021-04-16T14:15:01,216|[DEBUG] EMFactory - getting EntityManagerFactory
2021-04-16T14:15:01,216|[DEBUG] EMFactory - initializeing EntityManagerFactory
2021-04-16T14:15:01,233|[DEBUG] SQL - 
    /* load entity.Account */ select
        account0_.id as id1_0_0_,
        account0_.name as name2_0_0_,
        account0_.nickname as nickname3_0_0_,
        account0_.password as password4_0_0_,
        account0_.username as username5_0_0_ 
    from
        simplebloodbank.account account0_ 
    where
        account0_.id=?
2021-04-16T14:15:01,234|[TRACE] BasicBinder - binding parameter [1] as [INTEGER] - [16]
2021-04-16T14:15:01,235|[TRACE] BasicExtractor - extracted value ([name2_0_0_] : [VARCHAR]) - [Junit 5 Test]
2021-04-16T14:15:01,235|[TRACE] BasicExtractor - extracted value ([nickname3_0_0_] : [VARCHAR]) - [jay]
2021-04-16T14:15:01,235|[TRACE] BasicExtractor - extracted value ([password4_0_0_] : [VARCHAR]) - [junit5]
2021-04-16T14:15:01,235|[TRACE] BasicExtractor - extracted value ([username5_0_0_] : [VARCHAR]) - [junit]
2021-04-16T14:15:01,235|[DEBUG] SQL - 
    /* delete entity.Account */ delete 
        from
            simplebloodbank.account 
        where
            id=?
2021-04-16T14:15:01,235|[TRACE] BasicBinder - binding parameter [1] as [INTEGER] - [16]
]]></system-out>
    <system-err><![CDATA[Apr 16, 2021 2:15:01 PM dal.GenericDAL lambda$setParameters$0
INFO: setParameters: id=16
]]></system-err>
  </testcase>
  <testcase name="testSearch" classname="logic.AccountLogicTest" time="0.074">
    <system-out><![CDATA[2021-04-16T14:15:01,245|[DEBUG] EMFactory - getting EntityManagerFactory
2021-04-16T14:15:01,245|[DEBUG] EMFactory - initializeing EntityManagerFactory
2021-04-16T14:15:01,246|[DEBUG] SQL - 
    /* insert entity.Account
        */ insert 
        into
            simplebloodbank.account
            (name, nickname, password, username) 
        values
            (?, ?, ?, ?)
2021-04-16T14:15:01,246|[TRACE] BasicBinder - binding parameter [1] as [VARCHAR] - [Junit 5 Test]
2021-04-16T14:15:01,246|[TRACE] BasicBinder - binding parameter [2] as [VARCHAR] - [jay]
2021-04-16T14:15:01,247|[TRACE] BasicBinder - binding parameter [3] as [VARCHAR] - [junit5]
2021-04-16T14:15:01,247|[TRACE] BasicBinder - binding parameter [4] as [VARCHAR] - [junit]
2021-04-16T14:15:01,255|[DEBUG] EMFactory - getting EntityManagerFactory
2021-04-16T14:15:01,255|[DEBUG] EMFactory - initializeing EntityManagerFactory
2021-04-16T14:15:01,257|[DEBUG] SQL - 
    /* Account.findContaining */ select
        account0_.id as id1_0_,
        account0_.name as name2_0_,
        account0_.nickname as nickname3_0_,
        account0_.password as password4_0_,
        account0_.username as username5_0_ 
    from
        simplebloodbank.account account0_ 
    where
        account0_.name like concat('%', ?, '%') 
        or account0_.nickname like concat('%', ?, '%') 
        or account0_.username like concat('%', ?, '%')
2021-04-16T14:15:01,257|[TRACE] BasicBinder - binding parameter [1] as [VARCHAR] - []
2021-04-16T14:15:01,257|[TRACE] BasicBinder - binding parameter [2] as [VARCHAR] - []
2021-04-16T14:15:01,257|[TRACE] BasicBinder - binding parameter [3] as [VARCHAR] - []
2021-04-16T14:15:01,264|[TRACE] BasicExtractor - extracted value ([id1_0_] : [INTEGER]) - [17]
2021-04-16T14:15:01,265|[TRACE] BasicExtractor - extracted value ([name2_0_] : [VARCHAR]) - [Junit 5 Test]
2021-04-16T14:15:01,266|[TRACE] BasicExtractor - extracted value ([nickname3_0_] : [VARCHAR]) - [jay]
2021-04-16T14:15:01,266|[TRACE] BasicExtractor - extracted value ([password4_0_] : [VARCHAR]) - [junit5]
2021-04-16T14:15:01,266|[TRACE] BasicExtractor - extracted value ([username5_0_] : [VARCHAR]) - [junit]
2021-04-16T14:15:01,267|[DEBUG] EMFactory - getting EntityManagerFactory
2021-04-16T14:15:01,267|[DEBUG] EMFactory - initializeing EntityManagerFactory
2021-04-16T14:15:01,307|[DEBUG] SQL - 
    /* load entity.Account */ select
        account0_.id as id1_0_0_,
        account0_.name as name2_0_0_,
        account0_.nickname as nickname3_0_0_,
        account0_.password as password4_0_0_,
        account0_.username as username5_0_0_ 
    from
        simplebloodbank.account account0_ 
    where
        account0_.id=?
2021-04-16T14:15:01,308|[TRACE] BasicBinder - binding parameter [1] as [INTEGER] - [17]
2021-04-16T14:15:01,309|[TRACE] BasicExtractor - extracted value ([name2_0_0_] : [VARCHAR]) - [Junit 5 Test]
2021-04-16T14:15:01,309|[TRACE] BasicExtractor - extracted value ([nickname3_0_0_] : [VARCHAR]) - [jay]
2021-04-16T14:15:01,309|[TRACE] BasicExtractor - extracted value ([password4_0_0_] : [VARCHAR]) - [junit5]
2021-04-16T14:15:01,309|[TRACE] BasicExtractor - extracted value ([username5_0_0_] : [VARCHAR]) - [junit]
2021-04-16T14:15:01,310|[DEBUG] SQL - 
    /* delete entity.Account */ delete 
        from
            simplebloodbank.account 
        where
            id=?
2021-04-16T14:15:01,310|[TRACE] BasicBinder - binding parameter [1] as [INTEGER] - [17]
]]></system-out>
    <system-err><![CDATA[Apr 16, 2021 2:15:01 PM dal.GenericDAL lambda$setParameters$0
INFO: setParameters: search=
]]></system-err>
  </testcase>
  <testcase name="testGetAccountWithName" classname="logic.AccountLogicTest" time="0.047">
    <system-out><![CDATA[2021-04-16T14:15:01,320|[DEBUG] EMFactory - getting EntityManagerFactory
2021-04-16T14:15:01,320|[DEBUG] EMFactory - initializeing EntityManagerFactory
2021-04-16T14:15:01,321|[DEBUG] SQL - 
    /* insert entity.Account
        */ insert 
        into
            simplebloodbank.account
            (name, nickname, password, username) 
        values
            (?, ?, ?, ?)
2021-04-16T14:15:01,321|[TRACE] BasicBinder - binding parameter [1] as [VARCHAR] - [Junit 5 Test]
2021-04-16T14:15:01,321|[TRACE] BasicBinder - binding parameter [2] as [VARCHAR] - [jay]
2021-04-16T14:15:01,321|[TRACE] BasicBinder - binding parameter [3] as [VARCHAR] - [junit5]
2021-04-16T14:15:01,322|[TRACE] BasicBinder - binding parameter [4] as [VARCHAR] - [junit]
2021-04-16T14:15:01,331|[DEBUG] EMFactory - getting EntityManagerFactory
2021-04-16T14:15:01,331|[DEBUG] EMFactory - initializeing EntityManagerFactory
2021-04-16T14:15:01,332|[DEBUG] SQL - 
    /* Account.findByName */ select
        account0_.id as id1_0_,
        account0_.name as name2_0_,
        account0_.nickname as nickname3_0_,
        account0_.password as password4_0_,
        account0_.username as username5_0_ 
    from
        simplebloodbank.account account0_ 
    where
        account0_.name=?
2021-04-16T14:15:01,332|[TRACE] BasicBinder - binding parameter [1] as [VARCHAR] - [Junit 5 Test]
2021-04-16T14:15:01,334|[TRACE] BasicExtractor - extracted value ([id1_0_] : [INTEGER]) - [18]
2021-04-16T14:15:01,334|[TRACE] BasicExtractor - extracted value ([name2_0_] : [VARCHAR]) - [Junit 5 Test]
2021-04-16T14:15:01,334|[TRACE] BasicExtractor - extracted value ([nickname3_0_] : [VARCHAR]) - [jay]
2021-04-16T14:15:01,334|[TRACE] BasicExtractor - extracted value ([password4_0_] : [VARCHAR]) - [junit5]
2021-04-16T14:15:01,335|[TRACE] BasicExtractor - extracted value ([username5_0_] : [VARCHAR]) - [junit]
2021-04-16T14:15:01,336|[DEBUG] EMFactory - getting EntityManagerFactory
2021-04-16T14:15:01,336|[DEBUG] EMFactory - initializeing EntityManagerFactory
2021-04-16T14:15:01,355|[DEBUG] SQL - 
    /* load entity.Account */ select
        account0_.id as id1_0_0_,
        account0_.name as name2_0_0_,
        account0_.nickname as nickname3_0_0_,
        account0_.password as password4_0_0_,
        account0_.username as username5_0_0_ 
    from
        simplebloodbank.account account0_ 
    where
        account0_.id=?
2021-04-16T14:15:01,355|[TRACE] BasicBinder - binding parameter [1] as [INTEGER] - [18]
2021-04-16T14:15:01,356|[TRACE] BasicExtractor - extracted value ([name2_0_0_] : [VARCHAR]) - [Junit 5 Test]
2021-04-16T14:15:01,357|[TRACE] BasicExtractor - extracted value ([nickname3_0_0_] : [VARCHAR]) - [jay]
2021-04-16T14:15:01,357|[TRACE] BasicExtractor - extracted value ([password4_0_0_] : [VARCHAR]) - [junit5]
2021-04-16T14:15:01,357|[TRACE] BasicExtractor - extracted value ([username5_0_0_] : [VARCHAR]) - [junit]
2021-04-16T14:15:01,357|[DEBUG] SQL - 
    /* delete entity.Account */ delete 
        from
            simplebloodbank.account 
        where
            id=?
2021-04-16T14:15:01,357|[TRACE] BasicBinder - binding parameter [1] as [INTEGER] - [18]
]]></system-out>
    <system-err><![CDATA[Apr 16, 2021 2:15:01 PM dal.GenericDAL lambda$setParameters$0
INFO: setParameters: name=Junit 5 Test
]]></system-err>
  </testcase>
</testsuite>