<?xml version="1.0" encoding="UTF-8"?>
<testsuite xmlns:xsi="http://www.w3.org/2001/XMLSchema-instance" xsi:noNamespaceSchemaLocation="https://maven.apache.org/surefire/maven-surefire-plugin/xsd/surefire-test-report-3.0.xsd" version="3.0" name="logic.BloodDonationTest" time="0.178" tests="1" errors="0" skipped="0" failures="0">
  <properties>
[...]
</properties>
  <testcase name="testGetAll" classname="logic.BloodDonationTest" time="0.177">
    <system-out><![CDATA[2021-04-02T18:33:45,977|[DEBUG] EMFactory - getting EntityManagerFactory
2021-04-02T18:33:45,977|[DEBUG] EMFactory - initializeing EntityManagerFactory
2021-04-02T18:33:45,979|[DEBUG] SQL - 
    select
        bloodbank0_.bank_id as bank_id1_1_0_,
        bloodbank0_.emplyee_count as emplyee_2_1_0_,
        bloodbank0_.established as establis3_1_0_,
        bloodbank0_.name as name4_1_0_,
        bloodbank0_.owner as owner6_1_0_,
        bloodbank0_.privately_owned as privatel5_1_0_ 
    from
        simplebloodbank.blood_bank bloodbank0_ 
    where
        bloodbank0_.bank_id=?
2021-04-02T18:33:45,979|[TRACE] BasicBinder - binding parameter [1] as [INTEGER] - [1]
2021-04-02T18:33:46,034|[DEBUG] SQL - 
    /* insert entity.BloodBank
        */ insert 
        into
            simplebloodbank.blood_bank
            (emplyee_count, established, name, owner, privately_owned) 
        values
            (?, ?, ?, ?, ?)
2021-04-02T18:33:46,035|[TRACE] BasicBinder - binding parameter [1] as [INTEGER] - [111]
2021-04-02T18:33:46,036|[TRACE] BasicBinder - binding parameter [2] as [TIMESTAMP] - [Sat Nov 11 11:11:11 EST 1111]
2021-04-02T18:33:46,038|[TRACE] BasicBinder - binding parameter [3] as [VARCHAR] - [JUNIT]
2021-04-02T18:33:46,039|[TRACE] BasicBinder - binding parameter [4] as [INTEGER] - [null]
2021-04-02T18:33:46,039|[TRACE] BasicBinder - binding parameter [5] as [BOOLEAN] - [true]
2021-04-02T18:33:46,044|[DEBUG] SQL - 
    /* insert entity.BloodDonation
        */ insert 
        into
            simplebloodbank.blood_donation
            (bank_id, blood_group, created, milliliters, rhd) 
        values
            (?, ?, ?, ?, ?)
2021-04-02T18:33:46,045|[TRACE] BasicBinder - binding parameter [1] as [INTEGER] - [1]
2021-04-02T18:33:46,045|[TRACE] BasicBinder - binding parameter [2] as [VARCHAR] - [AB]
2021-04-02T18:33:46,045|[TRACE] BasicBinder - binding parameter [3] as [TIMESTAMP] - [Sat Nov 11 11:11:11 EST 1111]
2021-04-02T18:33:46,045|[TRACE] BasicBinder - binding parameter [4] as [INTEGER] - [100]
2021-04-02T18:33:46,046|[DEBUG] AttributeConverterSqlTypeDescriptorAdapter - Converted value on binding : Negative -> -
2021-04-02T18:33:46,046|[TRACE] BasicBinder - binding parameter [5] as [VARCHAR] - [-]
2021-04-02T18:33:46,060|[DEBUG] EMFactory - getting EntityManagerFactory
2021-04-02T18:33:46,060|[DEBUG] EMFactory - initializeing EntityManagerFactory
2021-04-02T18:33:46,061|[DEBUG] SQL - 
    /* BloodDonation.findAll */ select
        blooddonat0_.donation_id as donation1_2_,
        blooddonat0_.bank_id as bank_id6_2_,
        blooddonat0_.blood_group as blood_gr2_2_,
        blooddonat0_.created as created3_2_,
        blooddonat0_.milliliters as millilit4_2_,
        blooddonat0_.rhd as rhd5_2_ 
    from
        simplebloodbank.blood_donation blooddonat0_
2021-04-02T18:33:46,062|[TRACE] BasicExtractor - extracted value ([donation1_2_] : [INTEGER]) - [1]
2021-04-02T18:33:46,063|[TRACE] BasicExtractor - extracted value ([bank_id6_2_] : [INTEGER]) - [1]
2021-04-02T18:33:46,063|[TRACE] BasicExtractor - extracted value ([blood_gr2_2_] : [VARCHAR]) - [AB]
2021-04-02T18:33:46,064|[TRACE] BasicExtractor - extracted value ([created3_2_] : [TIMESTAMP]) - [1111-11-11 11:11:11.0]
2021-04-02T18:33:46,064|[TRACE] BasicExtractor - extracted value ([millilit4_2_] : [INTEGER]) - [100]
2021-04-02T18:33:46,065|[TRACE] BasicExtractor - extracted value ([rhd5_2_] : [VARCHAR]) - [-]
2021-04-02T18:33:46,065|[DEBUG] AttributeConverterSqlTypeDescriptorAdapter - Converted value on extraction: - -> Negative
2021-04-02T18:33:46,079|[DEBUG] EMFactory - getting EntityManagerFactory
2021-04-02T18:33:46,079|[DEBUG] EMFactory - initializeing EntityManagerFactory
2021-04-02T18:33:46,097|[DEBUG] SQL - 
    /* load entity.BloodDonation */ select
        blooddonat0_.donation_id as donation1_2_0_,
        blooddonat0_.bank_id as bank_id6_2_0_,
        blooddonat0_.blood_group as blood_gr2_2_0_,
        blooddonat0_.created as created3_2_0_,
        blooddonat0_.milliliters as millilit4_2_0_,
        blooddonat0_.rhd as rhd5_2_0_ 
    from
        simplebloodbank.blood_donation blooddonat0_ 
    where
        blooddonat0_.donation_id=?
2021-04-02T18:33:46,098|[TRACE] BasicBinder - binding parameter [1] as [INTEGER] - [1]
2021-04-02T18:33:46,099|[TRACE] BasicExtractor - extracted value ([bank_id6_2_0_] : [INTEGER]) - [1]
2021-04-02T18:33:46,099|[TRACE] BasicExtractor - extracted value ([blood_gr2_2_0_] : [VARCHAR]) - [AB]
2021-04-02T18:33:46,099|[TRACE] BasicExtractor - extracted value ([created3_2_0_] : [TIMESTAMP]) - [1111-11-11 11:11:11.0]
2021-04-02T18:33:46,099|[TRACE] BasicExtractor - extracted value ([millilit4_2_0_] : [INTEGER]) - [100]
2021-04-02T18:33:46,099|[TRACE] BasicExtractor - extracted value ([rhd5_2_0_] : [VARCHAR]) - [-]
2021-04-02T18:33:46,099|[DEBUG] AttributeConverterSqlTypeDescriptorAdapter - Converted value on extraction: - -> Negative
2021-04-02T18:33:46,104|[DEBUG] SQL - 
    /* delete entity.BloodDonation */ delete 
        from
            simplebloodbank.blood_donation 
        where
            donation_id=?
2021-04-02T18:33:46,104|[TRACE] BasicBinder - binding parameter [1] as [INTEGER] - [1]
2021-04-02T18:33:46,116|[DEBUG] EMFactory - getting EntityManagerFactory
2021-04-02T18:33:46,116|[DEBUG] EMFactory - initializeing EntityManagerFactory
2021-04-02T18:33:46,117|[DEBUG] SQL - 
    /* BloodDonation.findAll */ select
        blooddonat0_.donation_id as donation1_2_,
        blooddonat0_.bank_id as bank_id6_2_,
        blooddonat0_.blood_group as blood_gr2_2_,
        blooddonat0_.created as created3_2_,
        blooddonat0_.milliliters as millilit4_2_,
        blooddonat0_.rhd as rhd5_2_ 
    from
        simplebloodbank.blood_donation blooddonat0_
2021-04-02T18:33:46,118|[DEBUG] EMFactory - getting EntityManagerFactory
2021-04-02T18:33:46,118|[DEBUG] EMFactory - initializeing EntityManagerFactory
2021-04-02T18:33:46,136|[DEBUG] SQL - 
    /* load entity.BloodDonation */ select
        blooddonat0_.donation_id as donation1_2_0_,
        blooddonat0_.bank_id as bank_id6_2_0_,
        blooddonat0_.blood_group as blood_gr2_2_0_,
        blooddonat0_.created as created3_2_0_,
        blooddonat0_.milliliters as millilit4_2_0_,
        blooddonat0_.rhd as rhd5_2_0_ 
    from
        simplebloodbank.blood_donation blooddonat0_ 
    where
        blooddonat0_.donation_id=?
2021-04-02T18:33:46,137|[TRACE] BasicBinder - binding parameter [1] as [INTEGER] - [1]
2021-04-02T18:33:46,138|[DEBUG] SQL - 
    /* insert entity.BloodDonation
        */ insert 
        into
            simplebloodbank.blood_donation
            (bank_id, blood_group, created, milliliters, rhd) 
        values
            (?, ?, ?, ?, ?)
2021-04-02T18:33:46,138|[TRACE] BasicBinder - binding parameter [1] as [INTEGER] - [1]
2021-04-02T18:33:46,138|[TRACE] BasicBinder - binding parameter [2] as [VARCHAR] - [AB]
2021-04-02T18:33:46,138|[TRACE] BasicBinder - binding parameter [3] as [TIMESTAMP] - [Sat Nov 11 11:11:11 EST 1111]
2021-04-02T18:33:46,139|[TRACE] BasicBinder - binding parameter [4] as [INTEGER] - [100]
2021-04-02T18:33:46,139|[DEBUG] AttributeConverterSqlTypeDescriptorAdapter - Converted value on binding : Negative -> -
2021-04-02T18:33:46,139|[TRACE] BasicBinder - binding parameter [5] as [VARCHAR] - [-]
2021-04-02T18:33:46,141|[DEBUG] SQL - 
    /* delete entity.BloodDonation */ delete 
        from
            simplebloodbank.blood_donation 
        where
            donation_id=?
2021-04-02T18:33:46,141|[TRACE] BasicBinder - binding parameter [1] as [INTEGER] - [2]
]]></system-out>
  </testcase>
</testsuite>